2023.07.07 15:14:04 INFO  Started: Metals version 0.11.12 in workspace '/Users/rakadealengine/Projects/tryjavastream' for client Visual Studio Code 1.79.2.
Jul 07, 2023 3:14:04 PM org.flywaydb.core.internal.license.VersionPrinter printVersionOnly
INFO: Flyway Community Edition 9.16.3 by Redgate
Jul 07, 2023 3:14:04 PM org.flywaydb.core.internal.license.VersionPrinter printVersion
INFO: See release notes here: https://rd.gt/416ObMi
Jul 07, 2023 3:14:04 PM org.flywaydb.core.internal.license.VersionPrinter printVersion
INFO: 
Jul 07, 2023 3:14:04 PM org.flywaydb.core.internal.database.base.BaseDatabaseType createDatabase
INFO: Database: jdbc:h2:file:/Users/rakadealengine/Projects/tryjavastream/.metals/metals (H2 2.1)
Jul 07, 2023 3:14:04 PM org.flywaydb.core.internal.schemahistory.JdbcTableSchemaHistory allAppliedMigrations
INFO: Schema history table "PUBLIC"."flyway_schema_history" does not exist yet
Jul 07, 2023 3:14:04 PM org.flywaydb.core.internal.command.DbValidate validate
INFO: Successfully validated 4 migrations (execution time 00:00.012s)
Jul 07, 2023 3:14:04 PM org.flywaydb.core.internal.schemahistory.JdbcTableSchemaHistory create
INFO: Creating Schema History table "PUBLIC"."flyway_schema_history" ...
Jul 07, 2023 3:14:04 PM org.flywaydb.core.internal.command.DbMigrate migrateGroup
INFO: Current version of schema "PUBLIC": << Empty Schema >>
Jul 07, 2023 3:14:04 PM org.flywaydb.core.internal.command.DbMigrate doMigrateGroup
INFO: Migrating schema "PUBLIC" to version "1 - Create tables"
Jul 07, 2023 3:14:04 PM org.flywaydb.core.internal.command.DbMigrate doMigrateGroup
INFO: Migrating schema "PUBLIC" to version "2 - Server discovery"
Jul 07, 2023 3:14:04 PM org.flywaydb.core.internal.command.DbMigrate doMigrateGroup
INFO: Migrating schema "PUBLIC" to version "3 - Jar symbols"
Jul 07, 2023 3:14:04 PM org.flywaydb.core.internal.command.DbMigrate doMigrateGroup
INFO: Migrating schema "PUBLIC" to version "4 - Fingerprints"
Jul 07, 2023 3:14:04 PM org.flywaydb.core.internal.command.DbMigrate logSummary
INFO: Successfully applied 4 migrations to schema "PUBLIC", now at version v4 (execution time 00:00.051s)
2023.07.07 15:14:04 INFO  time: initialize in 0.43s
2023.07.07 15:14:05 WARN  Build server is not auto-connectable.
2023.07.07 15:14:08 INFO  running '/Users/rakadealengine/.sdkman/candidates/sbt/1.8.2/bin/sbt -Dbloop.export-jar-classifiers=sources bloopInstall'
2023.07.07 15:14:09 WARN  no build target for: /Users/rakadealengine/Projects/tryjavastream/project/metals.sbt
2023.07.07 15:14:09 WARN  no build target for: /Users/rakadealengine/Projects/tryjavastream/project/project/metals.sbt
2023.07.07 15:14:09 INFO  skipping build import with status 'Started'
2023.07.07 15:14:09 INFO  [info] welcome to sbt 1.9.1 (Eclipse Adoptium Java 17.0.6)
2023.07.07 15:14:09 INFO  [info] loading global plugins from /Users/rakadealengine/.sbt/1.0/plugins
2023.07.07 15:14:10 INFO  no build target found for /Users/rakadealengine/Projects/tryjavastream/project/metals.sbt. Using presentation compiler with project's scala-library version: 2.13.10
2023.07.07 15:14:11 INFO  [info] loading settings for project tryjavastream-build-build from metals.sbt ...
2023.07.07 15:14:11 INFO  [info] loading project definition from /Users/rakadealengine/Projects/tryjavastream/project/project
2023.07.07 15:14:11 INFO  [info] loading settings for project tryjavastream-build from metals.sbt ...
2023.07.07 15:14:11 INFO  [info] loading project definition from /Users/rakadealengine/Projects/tryjavastream/project
2023.07.07 15:14:16 INFO  [success] Generated .bloop/tryjavastream-build.json
2023.07.07 15:14:16 INFO  [info] compiling 1 Scala source to /Users/rakadealengine/Projects/tryjavastream/project/target/scala-2.12/sbt-1.0/classes ...
2023.07.07 15:14:18 INFO  [info] done compiling
2023.07.07 15:14:18 INFO  [success] Total time: 6 s, completed Jul 7, 2023, 3:14:18 PM
2023.07.07 15:14:18 INFO  [info] loading settings for project root from build.sbt ...
2023.07.07 15:14:18 INFO  [info] set current project to tryjavastream (in build file:/Users/rakadealengine/Projects/tryjavastream/)
2023.07.07 15:14:24 INFO  [success] Generated .bloop/root.json
2023.07.07 15:14:24 INFO  [success] Generated .bloop/root-test.json
2023.07.07 15:14:24 INFO  [success] Total time: 6 s, completed Jul 7, 2023, 3:14:24 PM
2023.07.07 15:14:24 INFO  time: ran 'sbt bloopInstall' in 16s
2023.07.07 15:14:24 INFO  Attempting to connect to the build server...
2023.07.07 15:14:24 INFO  Bloop uses /Users/rakadealengine/.sdkman/candidates/java/17.0.6-tem defined at /Users/rakadealengine/.bloop/bloop.json
2023.07.07 15:14:24 INFO  tracing is disabled for protocol BSP, to enable tracing of incoming and outgoing JSON messages create an empty file at /Users/rakadealengine/Projects/tryjavastream/.metals/bsp.trace.json or /Users/rakadealengine/Library/Caches/org.scalameta.metals/bsp.trace.json
2023.07.07 15:14:32 WARN  no build target for: /Users/rakadealengine/Projects/tryjavastream/src/main/scala/example/Main.scala
2023.07.07 15:14:33 INFO  Attempting to connect to the build server...
2023.07.07 15:14:33 INFO  Bloop uses /Users/rakadealengine/.sdkman/candidates/java/17.0.6-tem defined at /Users/rakadealengine/.bloop/bloop.json
2023.07.07 15:14:33 INFO  tracing is disabled for protocol BSP, to enable tracing of incoming and outgoing JSON messages create an empty file at /Users/rakadealengine/Projects/tryjavastream/project/.metals/bsp.trace.json or /Users/rakadealengine/Library/Caches/org.scalameta.metals/bsp.trace.json
2023.07.07 15:14:45 INFO  time: Connected to build server in 20s
2023.07.07 15:14:45 INFO  Connected to Build server: Bloop v1.5.6
2023.07.07 15:14:46 INFO  compiling root (2 scala sources)
2023.07.07 15:14:51 INFO  time: compiled root in 5.1s
2023.07.07 15:14:51 INFO  compiling root (2 scala sources)
2023.07.07 15:14:51 INFO  time: compiled root in 51ms
2023.07.07 15:14:53 INFO  time: indexed workspace in 8.37s
2023.07.07 15:14:53 INFO  compiling root (2 scala sources)
2023.07.07 15:14:53 INFO  time: compiled root in 0.73s
2023.07.07 15:15:07 INFO  compiling root (2 scala sources)
2023.07.07 15:15:07 INFO  time: compiled root in 0.39s
2023.07.07 15:15:08 INFO  compiling root (2 scala sources)
2023.07.07 15:15:08 INFO  time: compiled root in 0.18s
2023.07.07 15:15:10 WARN  Using indexes to guess the definition of onNext
2023.07.07 15:15:12 WARN  Using indexes to guess the definition of onNext
2023.07.07 15:15:21 INFO  file:///Users/rakadealengine/Projects/tryjavastream/src/main/scala/example/Main.scala:45:20: stale bloop error: not found: type T
  def onNext(item: T): Unit = {
                   ^
2023.07.07 15:15:21 INFO  file:///Users/rakadealengine/Projects/tryjavastream/src/main/scala/example/Main.scala:46:12: stale bloop error: not found: value function
    submit(function(item))
           ^^^^^^^^
2023.07.07 15:15:21 INFO  file:///Users/rakadealengine/Projects/tryjavastream/src/main/scala/example/Main.scala:45:20: stale bloop error: not found: type T
  def onNext(item: T): Unit = {
                   ^
2023.07.07 15:15:21 INFO  file:///Users/rakadealengine/Projects/tryjavastream/src/main/scala/example/Main.scala:46:12: stale bloop error: not found: value function
    submit(function(item))
           ^^^^^^^^
2023.07.07 15:15:22 INFO  compiling root (2 scala sources)
2023.07.07 15:15:22 INFO  time: compiled root in 0.13s
2023.07.07 15:15:25 INFO  compiling root (2 scala sources)
2023.07.07 15:15:25 INFO  time: compiled root in 0.12s
2023.07.07 15:15:33 WARN  Using indexes to guess the definition of Processor
2023.07.07 15:15:53 WARN  Using indexes to guess the definition of subscription
Jul 07, 2023 3:27:38 PM org.eclipse.lsp4j.jsonrpc.RemoteEndpoint handleCancellation
WARNING: Unmatched cancel notification for request id 226
2023.07.07 15:27:51 INFO  compiling root (2 scala sources)
2023.07.07 15:27:51 INFO  time: compiled root in 0.15s
2023.07.07 15:27:54 INFO  compiling root (2 scala sources)
2023.07.07 15:27:54 INFO  time: compiled root in 0.12s
2023.07.07 15:27:56 INFO  compiling root (2 scala sources)
2023.07.07 15:27:56 INFO  time: compiled root in 0.14s
2023.07.07 15:27:59 INFO  compiling root (2 scala sources)
2023.07.07 15:27:59 INFO  time: compiled root in 0.11s
2023.07.07 15:28:07 INFO  compiling root (2 scala sources)
2023.07.07 15:28:07 INFO  time: compiled root in 0.12s
2023.07.07 15:28:15 INFO  compiling root (2 scala sources)
2023.07.07 15:28:15 INFO  time: compiled root in 96ms
2023.07.07 15:29:52 INFO  compiling root (2 scala sources)
2023.07.07 15:29:52 INFO  time: compiled root in 0.13s
2023.07.07 15:30:13 INFO  compiling root (2 scala sources)
2023.07.07 15:30:13 INFO  time: compiled root in 86ms
2023.07.07 15:31:02 INFO  compiling root (2 scala sources)
2023.07.07 15:31:03 WARN  1 deprecation (since 2.13.0); re-run with -deprecation for details
2023.07.07 15:31:03 INFO  time: compiled root in 1.3s
2023.07.07 15:31:13 INFO  compiling root (1 scala source)
2023.07.07 15:31:13 WARN  1 deprecation (since 2.13.0); re-run with -deprecation for details
2023.07.07 15:31:13 INFO  time: compiled root in 0.52s
2023.07.07 15:39:44 INFO  compiling root (1 scala source)
2023.07.07 15:39:44 INFO  time: compiled root in 39ms
2023.07.07 15:39:49 INFO  compiling root (1 scala source)
2023.07.07 15:39:49 INFO  time: compiled root in 35ms
2023.07.07 15:40:18 INFO  compiling root (1 scala source)
2023.07.07 15:40:18 INFO  time: compiled root in 75ms
2023.07.07 15:42:08 INFO  compiling root (1 scala source)
2023.07.07 15:42:08 INFO  time: compiled root in 30ms
2023.07.07 15:42:08 INFO  compiling root (1 scala source)
2023.07.07 15:42:08 INFO  time: compiled root in 13ms
2023.07.07 15:42:23 INFO  compiling root (1 scala source)
2023.07.07 15:42:23 INFO  time: compiled root in 73ms
2023.07.07 15:42:55 INFO  compiling root (1 scala source)
2023.07.07 15:42:55 INFO  time: compiled root in 54ms
2023.07.07 15:43:27 INFO  compiling root (1 scala source)
2023.07.07 15:43:27 INFO  time: compiled root in 63ms
2023.07.07 16:52:13 INFO  compiling root (1 scala source)
2023.07.07 16:52:13 INFO  time: compiled root in 0.11s
2023.07.07 16:52:50 INFO  compiling root (1 scala source)
2023.07.07 16:52:50 INFO  time: compiled root in 58ms
2023.07.07 16:53:15 INFO  compiling root (1 scala source)
2023.07.07 16:53:15 INFO  time: compiled root in 71ms
2023.07.07 16:53:18 INFO  compiling root (1 scala source)
2023.07.07 16:53:18 INFO  time: compiled root in 33ms
2023.07.07 16:53:26 INFO  compiling root (1 scala source)
2023.07.07 16:53:26 INFO  time: compiled root in 83ms
2023.07.07 16:53:34 INFO  compiling root (1 scala source)
2023.07.07 16:53:34 INFO  time: compiled root in 56ms
2023.07.07 16:53:40 INFO  compiling root (1 scala source)
2023.07.07 16:53:40 INFO  time: compiled root in 53ms
2023.07.07 16:54:10 INFO  compiling root (1 scala source)
2023.07.07 16:54:10 INFO  time: compiled root in 67ms
2023.07.07 16:56:35 INFO  compiling root (1 scala source)
2023.07.07 16:56:35 INFO  time: compiled root in 31ms
2023.07.07 17:01:21 INFO  compiling root (1 scala source)
2023.07.07 17:01:21 INFO  time: compiled root in 64ms
2023.07.07 17:01:37 INFO  compiling root (1 scala source)
2023.07.07 17:01:37 INFO  time: compiled root in 27ms
2023.07.07 17:02:09 INFO  compiling root (1 scala source)
2023.07.07 17:02:09 INFO  time: compiled root in 0.1s
2023.07.07 17:02:15 INFO  compiling root (1 scala source)
2023.07.07 17:02:15 INFO  time: compiled root in 79ms
2023.07.07 17:02:21 INFO  compiling root (1 scala source)
2023.07.07 17:02:21 INFO  time: compiled root in 62ms
2023.07.07 17:02:25 INFO  compiling root (1 scala source)
2023.07.07 17:02:25 INFO  time: compiled root in 59ms
2023.07.07 17:02:36 INFO  compiling root (1 scala source)
2023.07.07 17:02:36 INFO  time: compiled root in 0.38s
2023.07.07 17:02:48 WARN  Using indexes to guess the definition of handleItem
2023.07.07 17:02:48 INFO  compiling root (1 scala source)
2023.07.07 17:02:48 INFO  time: compiled root in 0.41s
2023.07.07 17:02:50 INFO  compiling root (1 scala source)
2023.07.07 17:02:50 INFO  time: compiled root in 0.6s
2023.07.07 17:02:56 INFO  compiling root (1 scala source)
2023.07.07 17:02:56 INFO  time: compiled root in 0.33s
2023.07.07 17:03:00 INFO  compiling root (1 scala source)
2023.07.07 17:03:00 INFO  time: compiled root in 0.36s
2023.07.07 17:03:25 INFO  compiling root (1 scala source)
2023.07.07 17:03:25 INFO  time: compiled root in 51ms
2023.07.07 17:03:35 INFO  compiling root (1 scala source)
2023.07.07 17:03:35 INFO  time: compiled root in 0.61s
2023.07.07 17:03:59 INFO  compiling root (1 scala source)
2023.07.07 17:03:59 INFO  time: compiled root in 0.41s
2023.07.07 17:04:20 INFO  compiling root (1 scala source)
2023.07.07 17:04:20 INFO  time: compiled root in 0.42s
2023.07.07 17:04:25 INFO  compiling root (1 scala source)
2023.07.07 17:04:25 INFO  time: compiled root in 54ms
2023.07.07 17:04:26 WARN  Could not load snapshot text for /Users/rakadealengine/Projects/tryjavastream/src/main/scala/example/Main.scala
2023.07.07 17:04:25 INFO  compiling root (1 scala source)
2023.07.07 17:04:25 INFO  time: compiled root in 38ms
2023.07.07 17:04:26 WARN  Could not load snapshot text for /Users/rakadealengine/Projects/tryjavastream/src/main/scala/example/Main.scala
2023.07.07 17:04:35 WARN  Could not load snapshot text for /Users/rakadealengine/Projects/tryjavastream/src/main/scala/example/Main.scala
2023.07.07 17:04:35 INFO  compiling root (1 scala source)
2023.07.07 17:04:35 INFO  time: compiled root in 24ms
2023.07.07 17:04:35 WARN  Could not load snapshot text for /Users/rakadealengine/Projects/tryjavastream/src/main/scala/example/Main.scala
2023.07.07 17:04:37 WARN  Could not load snapshot text for /Users/rakadealengine/Projects/tryjavastream/src/main/scala/example/Main.scala
2023.07.07 17:04:39 WARN  Could not load snapshot text for /Users/rakadealengine/Projects/tryjavastream/src/main/scala/example/Main.scala
2023.07.07 17:04:40 WARN  Could not load snapshot text for /Users/rakadealengine/Projects/tryjavastream/src/main/scala/example/Main.scala
2023.07.07 17:04:40 INFO  compiling root (1 scala source)
2023.07.07 17:04:40 INFO  time: compiled root in 65ms
2023.07.07 17:04:41 WARN  Could not load snapshot text for /Users/rakadealengine/Projects/tryjavastream/src/main/scala/example/Main.scala
2023.07.07 17:04:44 WARN  Could not load snapshot text for /Users/rakadealengine/Projects/tryjavastream/src/main/scala/example/Main.scala
2023.07.07 17:04:44 INFO  compiling root (1 scala source)
2023.07.07 17:04:44 INFO  time: compiled root in 63ms
2023.07.07 17:04:44 WARN  Could not load snapshot text for /Users/rakadealengine/Projects/tryjavastream/src/main/scala/example/Main.scala
2023.07.07 17:04:53 WARN  Could not load snapshot text for /Users/rakadealengine/Projects/tryjavastream/src/main/scala/example/Main.scala
2023.07.07 17:04:54 WARN  Could not load snapshot text for /Users/rakadealengine/Projects/tryjavastream/src/main/scala/example/Main.scala
2023.07.07 17:04:54 INFO  compiling root (1 scala source)
2023.07.07 17:04:54 INFO  time: compiled root in 52ms
2023.07.07 17:04:54 WARN  Could not load snapshot text for /Users/rakadealengine/Projects/tryjavastream/src/main/scala/example/Main.scala
2023.07.07 17:05:07 WARN  Could not load snapshot text for /Users/rakadealengine/Projects/tryjavastream/src/main/scala/example/Main.scala
2023.07.07 17:05:07 WARN  Could not load snapshot text for /Users/rakadealengine/Projects/tryjavastream/src/main/scala/example/Main.scala
2023.07.07 17:05:08 INFO  compiling root (1 scala source)
2023.07.07 17:05:08 INFO  time: compiled root in 66ms
2023.07.07 17:05:07 WARN  Could not load snapshot text for /Users/rakadealengine/Projects/tryjavastream/src/main/scala/example/Main.scala
2023.07.07 17:05:10 WARN  Could not load snapshot text for /Users/rakadealengine/Projects/tryjavastream/src/main/scala/example/Main.scala
2023.07.07 17:05:10 INFO  compiling root (1 scala source)
2023.07.07 17:05:10 INFO  time: compiled root in 53ms
2023.07.07 17:05:10 WARN  Could not load snapshot text for /Users/rakadealengine/Projects/tryjavastream/src/main/scala/example/Main.scala
2023.07.07 17:05:20 WARN  Could not load snapshot text for /Users/rakadealengine/Projects/tryjavastream/src/main/scala/example/Main.scala
2023.07.07 17:05:24 WARN  Could not load snapshot text for /Users/rakadealengine/Projects/tryjavastream/src/main/scala/example/Main.scala
2023.07.07 17:05:24 WARN  Could not load snapshot text for /Users/rakadealengine/Projects/tryjavastream/src/main/scala/example/Main.scala
2023.07.07 17:05:27 WARN  Could not load snapshot text for /Users/rakadealengine/Projects/tryjavastream/src/main/scala/example/Main.scala
2023.07.07 17:05:29 WARN  Could not load snapshot text for /Users/rakadealengine/Projects/tryjavastream/src/main/scala/example/Main.scala
2023.07.07 17:05:29 WARN  Could not load snapshot text for /Users/rakadealengine/Projects/tryjavastream/src/main/scala/example/Main.scala
2023.07.07 17:05:30 WARN  Could not load snapshot text for /Users/rakadealengine/Projects/tryjavastream/src/main/scala/example/Main.scala
2023.07.07 17:05:31 WARN  Could not load snapshot text for /Users/rakadealengine/Projects/tryjavastream/src/main/scala/example/Main.scala
2023.07.07 17:05:32 WARN  Could not load snapshot text for /Users/rakadealengine/Projects/tryjavastream/src/main/scala/example/Main.scala
2023.07.07 17:05:34 WARN  Could not load snapshot text for /Users/rakadealengine/Projects/tryjavastream/src/main/scala/example/Main.scala
2023.07.07 17:05:35 WARN  Could not load snapshot text for /Users/rakadealengine/Projects/tryjavastream/src/main/scala/example/Main.scala
2023.07.07 17:05:37 WARN  Could not load snapshot text for /Users/rakadealengine/Projects/tryjavastream/src/main/scala/example/Main.scala
2023.07.07 17:05:37 WARN  Could not load snapshot text for /Users/rakadealengine/Projects/tryjavastream/src/main/scala/example/Main.scala
2023.07.07 17:05:38 WARN  Could not load snapshot text for /Users/rakadealengine/Projects/tryjavastream/src/main/scala/example/Main.scala
2023.07.07 17:05:38 WARN  Could not load snapshot text for /Users/rakadealengine/Projects/tryjavastream/src/main/scala/example/Main.scala
2023.07.07 17:05:39 WARN  Could not load snapshot text for /Users/rakadealengine/Projects/tryjavastream/src/main/scala/example/Main.scala
2023.07.07 17:05:40 WARN  Could not load snapshot text for /Users/rakadealengine/Projects/tryjavastream/src/main/scala/example/Main.scala
2023.07.07 17:05:41 INFO  compiling root (1 scala source)
2023.07.07 17:05:41 WARN  Could not load snapshot text for /Users/rakadealengine/Projects/tryjavastream/src/main/scala/example/Main.scala
2023.07.07 17:05:41 INFO  time: compiled root in 74ms
2023.07.07 17:05:41 WARN  Could not load snapshot text for /Users/rakadealengine/Projects/tryjavastream/src/main/scala/example/Main.scala
2023.07.07 17:05:42 WARN  Could not load snapshot text for /Users/rakadealengine/Projects/tryjavastream/src/main/scala/example/Main.scala
2023.07.07 17:05:43 WARN  Could not load snapshot text for /Users/rakadealengine/Projects/tryjavastream/src/main/scala/example/Main.scala
2023.07.07 17:05:44 WARN  Could not load snapshot text for /Users/rakadealengine/Projects/tryjavastream/src/main/scala/example/Main.scala
2023.07.07 17:05:46 WARN  Could not load snapshot text for /Users/rakadealengine/Projects/tryjavastream/src/main/scala/example/Main.scala
2023.07.07 17:05:46 INFO  compiling root (1 scala source)
2023.07.07 17:05:46 INFO  time: compiled root in 61ms
2023.07.07 17:05:46 WARN  Could not load snapshot text for /Users/rakadealengine/Projects/tryjavastream/src/main/scala/example/Main.scala
2023.07.07 17:05:47 WARN  Could not load snapshot text for /Users/rakadealengine/Projects/tryjavastream/src/main/scala/example/Main.scala
2023.07.07 17:05:47 INFO  file:///Users/rakadealengine/Projects/tryjavastream/src/main/scala/example/Main.scala:47:72: stale bloop error: type mismatch;
 found   : Unit
 required: (example.ResourcePoolProcessorState, String)
> {
>     
>   }
2023.07.07 17:05:47 INFO  file:///Users/rakadealengine/Projects/tryjavastream/src/main/scala/example/Main.scala:47:72: stale bloop error: type mismatch;
 found   : Unit
 required: (example.ResourcePoolProcessorState, String)
> {
>     
>   }
2023.07.07 17:05:47 WARN  Could not load snapshot text for /Users/rakadealengine/Projects/tryjavastream/src/main/scala/example/Main.scala
2023.07.07 17:05:49 WARN  Could not load snapshot text for /Users/rakadealengine/Projects/tryjavastream/src/main/scala/example/Main.scala
2023.07.07 17:05:50 WARN  Could not load snapshot text for /Users/rakadealengine/Projects/tryjavastream/src/main/scala/example/Main.scala
2023.07.07 17:05:50 INFO  file:///Users/rakadealengine/Projects/tryjavastream/src/main/scala/example/Main.scala:47:72: stale bloop error: type mismatch;
 found   : Unit
 required: (example.ResourcePoolProcessorState, String)
> {
>     
>   }
2023.07.07 17:05:50 INFO  file:///Users/rakadealengine/Projects/tryjavastream/src/main/scala/example/Main.scala:47:72: stale bloop error: type mismatch;
 found   : Unit
 required: (example.ResourcePoolProcessorState, String)
> {
>     
>   }
2023.07.07 17:05:51 WARN  Could not load snapshot text for /Users/rakadealengine/Projects/tryjavastream/src/main/scala/example/Main.scala
2023.07.07 17:05:52 WARN  Could not load snapshot text for /Users/rakadealengine/Projects/tryjavastream/src/main/scala/example/Main.scala
2023.07.07 17:05:53 WARN  Could not load snapshot text for /Users/rakadealengine/Projects/tryjavastream/src/main/scala/example/Main.scala
2023.07.07 17:05:53 INFO  compiling root (1 scala source)
2023.07.07 17:05:53 INFO  time: compiled root in 61ms
2023.07.07 17:05:53 WARN  Could not load snapshot text for /Users/rakadealengine/Projects/tryjavastream/src/main/scala/example/Main.scala
2023.07.07 17:06:02 WARN  Could not load snapshot text for /Users/rakadealengine/Projects/tryjavastream/src/main/scala/example/Main.scala
2023.07.07 17:06:02 INFO  compiling root (1 scala source)
2023.07.07 17:06:02 INFO  time: compiled root in 0.42s
2023.07.07 17:06:09 INFO  compiling root (1 scala source)
2023.07.07 17:06:09 INFO  time: compiled root in 55ms
2023.07.07 17:06:09 INFO  compiling root (1 scala source)
2023.07.07 17:06:10 INFO  time: compiled root in 0.43s
2023.07.07 17:06:31 WARN  Using indexes to guess the definition of state
2023.07.07 17:06:31 INFO  compiling root (1 scala source)
2023.07.07 17:06:31 INFO  time: compiled root in 58ms
2023.07.07 17:06:34 INFO  compiling root (1 scala source)
2023.07.07 17:06:34 INFO  time: compiled root in 56ms
Jul 07, 2023 5:06:50 PM org.eclipse.lsp4j.jsonrpc.RemoteEndpoint handleCancellation
WARNING: Unmatched cancel notification for request id 2650
2023.07.07 17:07:31 INFO  compiling root (1 scala source)
2023.07.07 17:07:31 INFO  time: compiled root in 28ms
2023.07.07 17:07:31 INFO  compiling root (1 scala source)
2023.07.07 17:07:31 INFO  time: compiled root in 10ms
2023.07.07 17:07:36 INFO  compiling root (1 scala source)
2023.07.07 17:07:36 INFO  time: compiled root in 54ms
2023.07.07 17:07:55 INFO  compiling root (1 scala source)
2023.07.07 17:07:55 INFO  time: compiled root in 57ms
2023.07.07 17:08:01 INFO  compiling root (1 scala source)
2023.07.07 17:08:01 INFO  time: compiled root in 56ms
2023.07.07 17:08:07 INFO  compiling root (1 scala source)
2023.07.07 17:08:07 INFO  time: compiled root in 64ms
2023.07.07 17:08:10 INFO  compiling root (1 scala source)
2023.07.07 17:08:10 INFO  time: compiled root in 58ms
2023.07.07 17:08:10 WARN  Using indexes to guess the definition of subscription
2023.07.07 17:08:22 INFO  compiling root (1 scala source)
2023.07.07 17:08:22 INFO  time: compiled root in 52ms
2023.07.07 17:08:44 INFO  compiling root (1 scala source)
2023.07.07 17:08:44 INFO  time: compiled root in 51ms
2023.07.07 17:08:44 INFO  compiling root (1 scala source)
2023.07.07 17:08:44 INFO  time: compiled root in 46ms
2023.07.07 17:08:49 INFO  compiling root (1 scala source)
2023.07.07 17:08:49 INFO  time: compiled root in 0.45s
2023.07.07 17:08:53 INFO  compiling root (1 scala source)
2023.07.07 17:08:53 INFO  time: compiled root in 40ms
2023.07.07 17:08:55 INFO  compiling root (1 scala source)
2023.07.07 17:08:55 INFO  time: compiled root in 76ms
2023.07.07 17:08:58 INFO  compiling root (1 scala source)
2023.07.07 17:08:58 INFO  time: compiled root in 65ms
2023.07.07 17:09:09 INFO  compiling root (1 scala source)
2023.07.07 17:09:09 INFO  time: compiled root in 0.42s
2023.07.07 17:09:20 INFO  compiling root (1 scala source)
2023.07.07 17:09:20 INFO  time: compiled root in 0.43s
2023.07.07 17:09:57 INFO  compiling root (1 scala source)
2023.07.07 17:09:57 INFO  time: compiled root in 0.45s
2023.07.07 17:10:01 INFO  compiling root (1 scala source)
2023.07.07 17:10:01 INFO  time: compiled root in 0.65s
2023.07.07 17:10:05 INFO  compiling root (1 scala source)
2023.07.07 17:10:05 INFO  time: compiled root in 0.4s
2023.07.07 17:10:35 INFO  compiling root (1 scala source)
2023.07.07 17:10:35 INFO  time: compiled root in 65ms
2023.07.07 17:10:39 INFO  compiling root (1 scala source)
2023.07.07 17:10:39 INFO  time: compiled root in 50ms
2023.07.07 17:10:43 INFO  compiling root (1 scala source)
2023.07.07 17:10:43 INFO  time: compiled root in 43ms
2023.07.07 17:10:43 INFO  compiling root (1 scala source)
2023.07.07 17:10:43 INFO  time: compiled root in 34ms
2023.07.07 17:10:47 INFO  compiling root (1 scala source)
2023.07.07 17:10:47 INFO  time: compiled root in 50ms
2023.07.07 17:10:53 INFO  compiling root (1 scala source)
2023.07.07 17:10:53 INFO  time: compiled root in 0.41s
2023.07.07 17:11:31 INFO  compiling root (1 scala source)
2023.07.07 17:11:31 INFO  time: compiled root in 51ms
2023.07.07 17:12:19 INFO  compiling root (1 scala source)
2023.07.07 17:12:19 INFO  time: compiled root in 26ms
2023.07.07 17:12:24 INFO  compiling root (1 scala source)
2023.07.07 17:12:24 INFO  time: compiled root in 88ms
2023.07.07 17:12:32 INFO  compiling root (1 scala source)
2023.07.07 17:12:32 INFO  time: compiled root in 69ms
2023.07.07 17:12:59 INFO  compiling root (1 scala source)
2023.07.07 17:12:59 INFO  time: compiled root in 32ms
Jul 07, 2023 5:15:27 PM org.eclipse.lsp4j.jsonrpc.RemoteEndpoint handleCancellation
WARNING: Unmatched cancel notification for request id 3920
2023.07.07 17:15:32 INFO  compiling root (1 scala source)
2023.07.07 17:15:32 INFO  time: compiled root in 38ms
2023.07.07 17:15:36 INFO  compiling root (1 scala source)
2023.07.07 17:15:36 INFO  time: compiled root in 24ms
2023.07.07 17:15:44 INFO  compiling root (1 scala source)
2023.07.07 17:15:44 INFO  time: compiled root in 23ms
2023.07.07 17:15:47 INFO  compiling root (1 scala source)
2023.07.07 17:15:47 INFO  time: compiled root in 64ms
2023.07.07 17:16:11 INFO  compiling root (1 scala source)
2023.07.07 17:16:11 INFO  time: compiled root in 26ms
2023.07.07 17:16:14 INFO  compiling root (1 scala source)
2023.07.07 17:16:14 INFO  time: compiled root in 59ms
2023.07.07 17:16:30 INFO  compiling root (1 scala source)
2023.07.07 17:16:30 INFO  time: compiled root in 70ms
2023.07.07 17:16:30 INFO  compiling root (1 scala source)
2023.07.07 17:16:30 INFO  time: compiled root in 57ms
2023.07.07 17:16:31 INFO  compiling root (1 scala source)
2023.07.07 17:16:31 INFO  time: compiled root in 47ms
2023.07.07 17:16:43 INFO  compiling root (1 scala source)
2023.07.07 17:16:43 INFO  time: compiled root in 61ms
2023.07.07 17:16:46 INFO  compiling root (1 scala source)
2023.07.07 17:16:46 INFO  time: compiled root in 55ms
2023.07.07 17:16:51 INFO  compiling root (1 scala source)
2023.07.07 17:16:51 INFO  time: compiled root in 60ms
2023.07.07 17:17:03 INFO  compiling root (1 scala source)
2023.07.07 17:17:03 INFO  time: compiled root in 53ms
2023.07.07 17:17:12 INFO  compiling root (1 scala source)
2023.07.07 17:17:12 INFO  time: compiled root in 56ms
2023.07.07 17:17:14 INFO  compiling root (1 scala source)
2023.07.07 17:17:14 INFO  time: compiled root in 54ms
2023.07.07 17:17:31 INFO  compiling root (1 scala source)
2023.07.07 17:17:31 INFO  time: compiled root in 62ms
2023.07.07 17:17:32 INFO  compiling root (1 scala source)
2023.07.07 17:17:32 INFO  time: compiled root in 40ms
2023.07.07 17:17:35 INFO  compiling root (1 scala source)
2023.07.07 17:17:35 INFO  time: compiled root in 59ms
2023.07.07 17:17:46 INFO  compiling root (1 scala source)
2023.07.07 17:17:46 INFO  time: compiled root in 64ms
2023.07.07 17:17:50 INFO  compiling root (1 scala source)
2023.07.07 17:17:50 INFO  time: compiled root in 88ms
Jul 07, 2023 5:18:09 PM org.eclipse.lsp4j.jsonrpc.RemoteEndpoint handleCancellation
WARNING: Unmatched cancel notification for request id 4483
2023.07.07 17:18:18 INFO  compiling root (1 scala source)
2023.07.07 17:18:18 INFO  time: compiled root in 57ms
2023.07.07 17:18:22 INFO  compiling root (1 scala source)
2023.07.07 17:18:22 INFO  time: compiled root in 48ms
2023.07.07 17:18:36 INFO  compiling root (1 scala source)
2023.07.07 17:18:36 INFO  time: compiled root in 48ms
2023.07.07 17:18:41 INFO  compiling root (1 scala source)
2023.07.07 17:18:41 INFO  time: compiled root in 47ms
2023.07.07 17:18:48 INFO  compiling root (1 scala source)
2023.07.07 17:18:48 INFO  time: compiled root in 56ms
2023.07.07 17:18:56 INFO  compiling root (1 scala source)
2023.07.07 17:18:56 INFO  time: compiled root in 50ms
2023.07.07 17:19:02 WARN  Using indexes to guess the definition of subscription
2023.07.07 17:19:02 INFO  compiling root (1 scala source)
2023.07.07 17:19:02 INFO  time: compiled root in 46ms
2023.07.07 17:19:09 INFO  compiling root (1 scala source)
2023.07.07 17:19:09 INFO  time: compiled root in 51ms
2023.07.07 17:19:44 INFO  compiling root (1 scala source)
2023.07.07 17:19:44 INFO  time: compiled root in 52ms
2023.07.07 17:19:50 INFO  compiling root (1 scala source)
2023.07.07 17:19:50 INFO  time: compiled root in 49ms
2023.07.07 17:19:53 INFO  compiling root (1 scala source)
2023.07.07 17:19:53 INFO  time: compiled root in 49ms
2023.07.07 17:19:53 INFO  compiling root (1 scala source)
2023.07.07 17:19:53 INFO  time: compiled root in 37ms
2023.07.07 17:19:53 INFO  compiling root (1 scala source)
2023.07.07 17:19:53 INFO  time: compiled root in 57ms
2023.07.07 17:19:53 INFO  compiling root (1 scala source)
2023.07.07 17:19:53 INFO  time: compiled root in 10ms
Jul 07, 2023 5:19:53 PM scala.meta.internal.pc.CompilerAccess retryWithCleanCompiler
INFO: compiler crashed due to an error in the Scala compiler, retrying with new compiler instance.
2023.07.07 17:19:53 INFO  compiling root (1 scala source)
2023.07.07 17:19:53 INFO  time: compiled root in 9ms
2023.07.07 17:19:53 INFO  compiling root (1 scala source)
2023.07.07 17:19:53 INFO  time: compiled root in 11ms
2023.07.07 17:19:54 INFO  compiling root (1 scala source)
2023.07.07 17:19:54 INFO  time: compiled root in 8ms
2023.07.07 17:19:56 INFO  compiling root (1 scala source)
2023.07.07 17:19:56 INFO  time: compiled root in 47ms
2023.07.07 17:19:59 INFO  compiling root (1 scala source)
2023.07.07 17:19:59 INFO  time: compiled root in 28ms
2023.07.07 17:20:02 INFO  compiling root (1 scala source)
2023.07.07 17:20:02 INFO  time: compiled root in 55ms
2023.07.07 17:20:07 INFO  compiling root (1 scala source)
2023.07.07 17:20:07 INFO  time: compiled root in 55ms
2023.07.07 17:20:07 INFO  compiling root (1 scala source)
2023.07.07 17:20:07 INFO  time: compiled root in 42ms
2023.07.07 17:20:18 INFO  compiling root (1 scala source)
2023.07.07 17:20:18 INFO  time: compiled root in 47ms
2023.07.07 17:20:44 INFO  compiling root (1 scala source)
2023.07.07 17:20:44 INFO  time: compiled root in 49ms
Jul 07, 2023 5:20:48 PM org.eclipse.lsp4j.jsonrpc.RemoteEndpoint handleCancellation
WARNING: Unmatched cancel notification for request id 5021
2023.07.07 17:20:50 INFO  compiling root (1 scala source)
2023.07.07 17:20:50 INFO  time: compiled root in 53ms
2023.07.07 17:21:08 INFO  compiling root (1 scala source)
2023.07.07 17:21:08 INFO  time: compiled root in 60ms
2023.07.07 17:21:09 INFO  compiling root (1 scala source)
2023.07.07 17:21:09 INFO  time: compiled root in 52ms
2023.07.07 17:21:14 INFO  compiling root (1 scala source)
2023.07.07 17:21:14 INFO  time: compiled root in 49ms
2023.07.07 17:21:17 INFO  compiling root (1 scala source)
2023.07.07 17:21:17 INFO  time: compiled root in 46ms
2023.07.07 17:21:42 INFO  compiling root (1 scala source)
2023.07.07 17:21:42 INFO  time: compiled root in 25ms
2023.07.07 17:21:45 INFO  compiling root (1 scala source)
2023.07.07 17:21:45 INFO  time: compiled root in 27ms
2023.07.07 17:21:47 INFO  compiling root (1 scala source)
2023.07.07 17:21:47 INFO  time: compiled root in 25ms
2023.07.07 17:21:53 INFO  compiling root (1 scala source)
2023.07.07 17:21:53 INFO  time: compiled root in 16ms
2023.07.07 17:22:07 INFO  compiling root (1 scala source)
2023.07.07 17:22:07 INFO  time: compiled root in 54ms
2023.07.07 17:22:21 INFO  compiling root (1 scala source)
2023.07.07 17:22:21 INFO  time: compiled root in 52ms
2023.07.07 17:22:29 INFO  compiling root (1 scala source)
2023.07.07 17:22:29 INFO  time: compiled root in 49ms
2023.07.07 17:22:33 INFO  compiling root (1 scala source)
2023.07.07 17:22:33 INFO  time: compiled root in 49ms
2023.07.07 17:29:03 INFO  compiling root (1 scala source)
2023.07.07 17:29:03 INFO  time: compiled root in 87ms
2023.07.07 17:29:11 INFO  compiling root (1 scala source)
2023.07.07 17:29:11 INFO  time: compiled root in 60ms
2023.07.07 17:29:24 INFO  compiling root (1 scala source)
2023.07.07 17:29:24 INFO  time: compiled root in 71ms
2023.07.07 17:29:29 INFO  compiling root (1 scala source)
2023.07.07 17:29:29 INFO  time: compiled root in 52ms
2023.07.07 17:29:33 INFO  compiling root (1 scala source)
2023.07.07 17:29:33 INFO  time: compiled root in 47ms
2023.07.07 17:29:34 INFO  compiling root (1 scala source)
2023.07.07 17:29:34 INFO  time: compiled root in 37ms
2023.07.07 17:29:38 INFO  compiling root (1 scala source)
2023.07.07 17:29:38 INFO  time: compiled root in 52ms
2023.07.07 21:06:30 INFO  compiling root (1 scala source)
2023.07.07 21:06:30 INFO  time: compiled root in 0.12s
2023.07.07 21:07:05 INFO  compiling root (1 scala source)
2023.07.07 21:07:05 INFO  time: compiled root in 51ms
2023.07.07 21:07:12 INFO  compiling root (1 scala source)
2023.07.07 21:07:12 INFO  time: compiled root in 52ms
2023.07.07 21:07:13 INFO  compiling root (1 scala source)
2023.07.07 21:07:13 INFO  time: compiled root in 52ms
something's wrong: no file:///Users/rakadealengine/Projects/tryjavastream/src/main/scala/example/Main.scala in example.ProcessorState[String]RangePosition(file:///Users/rakadealengine/Projects/tryjavastream/src/main/scala/example/Main.scala, 1352, 1352, 1374)
2023.07.07 21:07:30 INFO  compiling root (1 scala source)
2023.07.07 21:07:30 INFO  time: compiled root in 58ms
2023.07.07 21:07:39 INFO  compiling root (1 scala source)
2023.07.07 21:07:39 INFO  time: compiled root in 50ms
2023.07.07 21:07:55 WARN  Using indexes to guess the definition of ProcessorState
2023.07.07 21:07:59 INFO  compiling root (1 scala source)
2023.07.07 21:07:59 INFO  time: compiled root in 51ms
2023.07.07 21:08:02 INFO  compiling root (1 scala source)
2023.07.07 21:08:02 INFO  time: compiled root in 57ms
2023.07.07 21:08:26 INFO  compiling root (1 scala source)
2023.07.07 21:08:26 INFO  time: compiled root in 58ms
2023.07.07 21:08:36 INFO  compiling root (1 scala source)
2023.07.07 21:08:36 INFO  time: compiled root in 52ms
2023.07.07 21:09:43 INFO  compiling root (1 scala source)
2023.07.07 21:09:43 INFO  time: compiled root in 55ms
2023.07.07 21:10:01 INFO  compiling root (1 scala source)
2023.07.07 21:10:01 INFO  time: compiled root in 51ms
something's wrong: no file:///Users/rakadealengine/Projects/tryjavastream/src/main/scala/example/Main.scala in example.ProcessorState[<error>]RangePosition(file:///Users/rakadealengine/Projects/tryjavastream/src/main/scala/example/Main.scala, 1576, 1576, 2555)
2023.07.07 21:10:08 INFO  compiling root (1 scala source)
2023.07.07 21:10:08 INFO  time: compiled root in 54ms
2023.07.07 21:10:11 INFO  compiling root (1 scala source)
2023.07.07 21:10:11 INFO  time: compiled root in 53ms
something's wrong: no file:///Users/rakadealengine/Projects/tryjavastream/src/main/scala/example/Main.scala in () => example.ProcessorState[T]RangePosition(file:///Users/rakadealengine/Projects/tryjavastream/src/main/scala/example/Main.scala, 1576, 1578, 1598)
something's wrong: no file:///Users/rakadealengine/Projects/tryjavastream/src/main/scala/example/Main.scala in () => example.ProcessorState[T]RangePosition(file:///Users/rakadealengine/Projects/tryjavastream/src/main/scala/example/Main.scala, 1576, 1579, 1599)
2023.07.07 21:10:45 INFO  compiling root (1 scala source)
2023.07.07 21:10:45 INFO  time: compiled root in 25ms
2023.07.07 21:10:52 INFO  compiling root (1 scala source)
2023.07.07 21:10:52 INFO  time: compiled root in 25ms
2023.07.07 21:10:56 INFO  compiling root (1 scala source)
2023.07.07 21:10:56 INFO  time: compiled root in 27ms
2023.07.07 21:10:58 INFO  compiling root (1 scala source)
2023.07.07 21:10:58 INFO  time: compiled root in 25ms
2023.07.07 21:11:02 INFO  compiling root (1 scala source)
2023.07.07 21:11:02 INFO  time: compiled root in 27ms
2023.07.07 21:11:10 INFO  compiling root (1 scala source)
2023.07.07 21:11:10 INFO  time: compiled root in 49ms
2023.07.07 21:11:10 INFO  compiling root (1 scala source)
2023.07.07 21:11:10 INFO  time: compiled root in 38ms
2023.07.07 21:11:20 INFO  compiling root (1 scala source)
2023.07.07 21:11:20 INFO  time: compiled root in 55ms
2023.07.07 21:11:26 INFO  compiling root (1 scala source)
2023.07.07 21:11:26 INFO  time: compiled root in 52ms
2023.07.07 21:11:54 INFO  compiling root (1 scala source)
2023.07.07 21:11:54 INFO  time: compiled root in 58ms
2023.07.07 21:12:04 INFO  compiling root (1 scala source)
2023.07.07 21:12:04 INFO  time: compiled root in 57ms
2023.07.07 21:12:15 INFO  compiling root (1 scala source)
2023.07.07 21:12:15 INFO  time: compiled root in 52ms
2023.07.07 21:12:15 WARN  Using indexes to guess the definition of ProcessorState
2023.07.07 21:12:19 INFO  compiling root (1 scala source)
2023.07.07 21:12:19 INFO  time: compiled root in 57ms
2023.07.07 21:12:21 INFO  compiling root (1 scala source)
2023.07.07 21:12:21 INFO  time: compiled root in 57ms
2023.07.07 21:12:24 INFO  compiling root (1 scala source)
2023.07.07 21:12:24 INFO  time: compiled root in 51ms
2023.07.07 21:12:28 INFO  compiling root (1 scala source)
2023.07.07 21:12:28 INFO  time: compiled root in 54ms
2023.07.07 21:12:46 INFO  compiling root (1 scala source)
2023.07.07 21:12:46 INFO  time: compiled root in 49ms
2023.07.07 21:12:48 INFO  compiling root (1 scala source)
2023.07.07 21:12:48 INFO  time: compiled root in 52ms
2023.07.07 21:12:56 INFO  compiling root (1 scala source)
2023.07.07 21:12:56 INFO  time: compiled root in 71ms
something's wrong: no file:///Users/rakadealengine/Projects/tryjavastream/src/main/scala/example/Main.scala in example.ProcessorState[I,T]RangePosition(file:///Users/rakadealengine/Projects/tryjavastream/src/main/scala/example/Main.scala, 962, 962, 981)
2023.07.07 21:13:02 INFO  compiling root (1 scala source)
2023.07.07 21:13:02 INFO  time: compiled root in 54ms
something's wrong: no file:///Users/rakadealengine/Projects/tryjavastream/src/main/scala/example/Main.scala in example.ProcessorState[<error>,<error>]RangePosition(file:///Users/rakadealengine/Projects/tryjavastream/src/main/scala/example/Main.scala, 1091, 1091, 1117)
something's wrong: no file:///Users/rakadealengine/Projects/tryjavastream/src/main/scala/example/Main.scala in example.ProcessorState[String,<error>]RangePosition(file:///Users/rakadealengine/Projects/tryjavastream/src/main/scala/example/Main.scala, 1091, 1091, 1122)
something's wrong: no file:///Users/rakadealengine/Projects/tryjavastream/src/main/scala/example/Main.scala in Option[<error>]RangePosition(file:///Users/rakadealengine/Projects/tryjavastream/src/main/scala/example/Main.scala, 1114, 1114, 1304)
something's wrong: no file:///Users/rakadealengine/Projects/tryjavastream/src/main/scala/example/Main.scala in Option[<error>]RangePosition(file:///Users/rakadealengine/Projects/tryjavastream/src/main/scala/example/Main.scala, 1114, 1114, 1130)
something's wrong: no file:///Users/rakadealengine/Projects/tryjavastream/src/main/scala/example/Main.scala in Option[<error>]RangePosition(file:///Users/rakadealengine/Projects/tryjavastream/src/main/scala/example/Main.scala, 1114, 1114, 1123)
something's wrong: no file:///Users/rakadealengine/Projects/tryjavastream/src/main/scala/example/Main.scala in Option[<error>]RangePosition(file:///Users/rakadealengine/Projects/tryjavastream/src/main/scala/example/Main.scala, 1114, 1114, 1124)
something's wrong: no file:///Users/rakadealengine/Projects/tryjavastream/src/main/scala/example/Main.scala in Option[<error>]RangePosition(file:///Users/rakadealengine/Projects/tryjavastream/src/main/scala/example/Main.scala, 1114, 1114, 1126)
something's wrong: no file:///Users/rakadealengine/Projects/tryjavastream/src/main/scala/example/Main.scala in Option[String]RangePosition(file:///Users/rakadealengine/Projects/tryjavastream/src/main/scala/example/Main.scala, 1114, 1114, 1128)
2023.07.07 21:13:25 INFO  compiling root (1 scala source)
2023.07.07 21:13:25 INFO  time: compiled root in 64ms
Jul 07, 2023 9:13:25 PM scala.meta.internal.pc.CompilerAccess retryWithCleanCompiler
INFO: compiler crashed due to an error in the Scala compiler, retrying with new compiler instance.
2023.07.07 21:13:44 INFO  compiling root (1 scala source)
2023.07.07 21:13:44 INFO  time: compiled root in 49ms
2023.07.07 21:13:49 WARN  Using indexes to guess the definition of String
2023.07.07 21:13:51 INFO  compiling root (1 scala source)
2023.07.07 21:13:51 INFO  time: compiled root in 46ms
2023.07.07 21:26:27 WARN  Using indexes to guess the definition of String
2023.07.07 21:26:29 INFO  compiling root (1 scala source)
2023.07.07 21:26:29 INFO  time: compiled root in 0.12s
2023.07.07 21:26:44 INFO  compiling root (1 scala source)
2023.07.07 21:26:44 INFO  time: compiled root in 64ms
2023.07.07 21:26:49 INFO  compiling root (1 scala source)
2023.07.07 21:26:49 INFO  time: compiled root in 57ms
2023.07.07 21:26:58 INFO  compiling root (1 scala source)
2023.07.07 21:26:58 INFO  time: compiled root in 58ms
2023.07.07 21:27:02 INFO  compiling root (1 scala source)
2023.07.07 21:27:02 INFO  time: compiled root in 48ms
2023.07.07 21:27:08 INFO  compiling root (1 scala source)
2023.07.07 21:27:08 INFO  time: compiled root in 47ms
2023.07.07 21:27:15 INFO  compiling root (1 scala source)
2023.07.07 21:27:15 INFO  time: compiled root in 50ms
2023.07.07 21:27:26 INFO  compiling root (1 scala source)
2023.07.07 21:27:26 INFO  time: compiled root in 56ms
2023.07.07 21:27:28 INFO  compiling root (1 scala source)
2023.07.07 21:27:28 INFO  time: compiled root in 60ms
2023.07.07 21:27:32 INFO  compiling root (1 scala source)
2023.07.07 21:27:32 INFO  time: compiled root in 48ms
2023.07.07 21:27:40 INFO  compiling root (1 scala source)
2023.07.07 21:27:40 INFO  time: compiled root in 53ms
2023.07.07 21:27:44 INFO  compiling root (1 scala source)
2023.07.07 21:27:44 INFO  time: compiled root in 46ms
something's wrong: no file:///Users/rakadealengine/Projects/tryjavastream/src/main/scala/example/Main.scala in example.ProcessorState[I,T]RangePosition(file:///Users/rakadealengine/Projects/tryjavastream/src/main/scala/example/Main.scala, 1620, 1620, 1639)
2023.07.07 21:27:49 INFO  compiling root (1 scala source)
2023.07.07 21:27:49 INFO  time: compiled root in 53ms
something's wrong: no file:///Users/rakadealengine/Projects/tryjavastream/src/main/scala/example/Main.scala in example.ProcessorState[I,T]RangePosition(file:///Users/rakadealengine/Projects/tryjavastream/src/main/scala/example/Main.scala, 1754, 1754, 1773)
2023.07.07 21:27:56 INFO  compiling root (1 scala source)
2023.07.07 21:27:56 INFO  time: compiled root in 50ms
2023.07.07 21:28:13 WARN  Using indexes to guess the definition of StatefulProcessor
2023.07.07 21:28:24 INFO  compiling root (1 scala source)
2023.07.07 21:28:24 INFO  time: compiled root in 59ms
2023.07.07 21:28:48 INFO  compiling root (1 scala source)
2023.07.07 21:28:48 INFO  time: compiled root in 25ms
2023.07.07 21:28:51 INFO  compiling root (1 scala source)
2023.07.07 21:28:51 INFO  time: compiled root in 50ms
2023.07.07 21:28:56 INFO  compiling root (1 scala source)
2023.07.07 21:28:56 INFO  time: compiled root in 46ms
2023.07.07 21:29:01 INFO  compiling root (1 scala source)
2023.07.07 21:29:01 INFO  time: compiled root in 48ms
2023.07.07 21:29:25 INFO  compiling root (1 scala source)
2023.07.07 21:29:25 INFO  time: compiled root in 53ms
2023.07.07 21:29:25 INFO  compiling root (1 scala source)
2023.07.07 21:29:25 INFO  time: compiled root in 33ms
2023.07.07 21:29:31 INFO  compiling root (1 scala source)
2023.07.07 21:29:31 INFO  time: compiled root in 51ms
2023.07.07 21:29:52 INFO  compiling root (1 scala source)
2023.07.07 21:29:52 INFO  time: compiled root in 0.52s
2023.07.07 21:30:56 INFO  compiling root (1 scala source)
2023.07.07 21:30:56 INFO  time: compiled root in 0.46s
2023.07.07 21:31:24 INFO  compiling root (1 scala source)
2023.07.07 21:31:24 INFO  time: compiled root in 0.42s
2023.07.07 21:31:34 INFO  compiling root (1 scala source)
2023.07.07 21:31:34 INFO  time: compiled root in 52ms
2023.07.07 21:31:37 INFO  compiling root (1 scala source)
2023.07.07 21:31:37 INFO  time: compiled root in 45ms
2023.07.07 21:31:39 INFO  compiling root (1 scala source)
2023.07.07 21:31:39 INFO  time: compiled root in 41ms
2023.07.07 21:31:43 INFO  compiling root (1 scala source)
2023.07.07 21:31:43 INFO  time: compiled root in 49ms
2023.07.07 21:31:43 WARN  Using indexes to guess the definition of Result
2023.07.07 21:31:49 INFO  compiling root (1 scala source)
2023.07.07 21:31:49 INFO  time: compiled root in 41ms
2023.07.07 21:31:51 INFO  compiling root (1 scala source)
2023.07.07 21:31:51 INFO  time: compiled root in 48ms
2023.07.07 21:31:55 INFO  compiling root (1 scala source)
2023.07.07 21:31:55 INFO  time: compiled root in 50ms
2023.07.07 21:31:56 INFO  compiling root (1 scala source)
2023.07.07 21:31:56 INFO  time: compiled root in 48ms
2023.07.07 21:32:03 INFO  compiling root (1 scala source)
2023.07.07 21:32:03 INFO  time: compiled root in 48ms
2023.07.07 21:32:05 INFO  compiling root (1 scala source)
2023.07.07 21:32:05 INFO  time: compiled root in 46ms
2023.07.07 21:32:07 INFO  compiling root (1 scala source)
2023.07.07 21:32:07 INFO  time: compiled root in 40ms
2023.07.07 21:32:07 WARN  Using indexes to guess the definition of State
2023.07.07 21:32:08 INFO  compiling root (1 scala source)
2023.07.07 21:32:08 INFO  time: compiled root in 36ms
2023.07.07 21:32:13 INFO  compiling root (1 scala source)
2023.07.07 21:32:13 INFO  time: compiled root in 47ms
something's wrong: no file:///Users/rakadealengine/Projects/tryjavastream/src/main/scala/example/Main.scala in Option[<error>]RangePosition(file:///Users/rakadealengine/Projects/tryjavastream/src/main/scala/example/Main.scala, 1572, 1572, 1608)
something's wrong: no file:///Users/rakadealengine/Projects/tryjavastream/src/main/scala/example/Main.scala in Option[example.StatefulProcessor.State[I,T]]RangePosition(file:///Users/rakadealengine/Projects/tryjavastream/src/main/scala/example/Main.scala, 1572, 1572, 1609)
2023.07.07 21:32:13 INFO  compiling root (1 scala source)
2023.07.07 21:32:13 INFO  time: compiled root in 32ms
Jul 07, 2023 9:32:24 PM org.eclipse.lsp4j.jsonrpc.RemoteEndpoint handleCancellation
WARNING: Unmatched cancel notification for request id 7722
2023.07.07 21:32:28 INFO  compiling root (1 scala source)
2023.07.07 21:32:28 INFO  time: compiled root in 43ms
2023.07.07 21:32:32 INFO  compiling root (1 scala source)
2023.07.07 21:32:32 INFO  time: compiled root in 41ms
2023.07.07 21:32:35 INFO  compiling root (1 scala source)
2023.07.07 21:32:35 INFO  time: compiled root in 37ms
2023.07.07 21:32:37 INFO  compiling root (1 scala source)
2023.07.07 21:32:37 INFO  time: compiled root in 48ms
Jul 07, 2023 9:32:40 PM org.eclipse.lsp4j.jsonrpc.RemoteEndpoint handleCancellation
WARNING: Unmatched cancel notification for request id 7806
2023.07.07 21:32:40 INFO  compiling root (1 scala source)
2023.07.07 21:32:40 INFO  time: compiled root in 50ms
2023.07.07 21:32:58 INFO  compiling root (1 scala source)
2023.07.07 21:32:58 INFO  time: compiled root in 40ms
2023.07.07 21:32:59 INFO  compiling root (1 scala source)
2023.07.07 21:32:59 INFO  time: compiled root in 0.75s
2023.07.07 21:33:50 INFO  compiling root (1 scala source)
2023.07.07 21:33:50 INFO  time: compiled root in 0.18s
2023.07.07 21:34:02 INFO  compiling root (3 scala sources)
2023.07.07 21:34:02 INFO  time: compiled root in 46ms
2023.07.07 21:34:02 WARN  Could not load snapshot text for /Users/rakadealengine/Projects/tryjavastream/src/main/scala/example/Main.scala
2023.07.07 21:34:05 INFO  compiling root (3 scala sources)
2023.07.07 21:34:05 INFO  time: compiled root in 56ms
2023.07.07 21:34:08 WARN  Could not load snapshot text for /Users/rakadealengine/Projects/tryjavastream/src/main/scala/example/Main.scala
2023.07.07 21:34:25 INFO  compiling root (3 scala sources)
2023.07.07 21:34:25 INFO  time: compiled root in 0.56s
2023.07.07 21:34:31 INFO  compiling root (1 scala source)
2023.07.07 21:34:31 INFO  time: compiled root in 37ms
2023.07.07 21:34:43 INFO  compiling root (1 scala source)
2023.07.07 21:34:43 INFO  time: compiled root in 0.34s
2023.07.07 21:34:54 INFO  compiling root (1 scala source)
2023.07.07 21:34:54 INFO  time: compiled root in 26ms
2023.07.07 21:35:27 WARN  Using indexes to guess the definition of Result
2023.07.07 21:35:39 INFO  compiling root (1 scala source)
2023.07.07 21:35:39 INFO  time: compiled root in 0.35s
2023.07.07 21:35:46 INFO  compiling root (1 scala source)
2023.07.07 21:35:46 INFO  time: compiled root in 0.32s
2023.07.07 21:37:07 INFO  compiling root (1 scala source)
2023.07.07 21:37:07 INFO  time: compiled root in 40ms
2023.07.07 21:37:07 WARN  Could not load snapshot text for /Users/rakadealengine/Projects/tryjavastream/src/main/scala/example/StatefulProcessor.scala
2023.07.07 21:37:42 WARN  Could not load snapshot text for /Users/rakadealengine/Projects/tryjavastream/src/main/scala/example/StatefulProcessor.scala
2023.07.07 21:37:43 WARN  Could not load snapshot text for /Users/rakadealengine/Projects/tryjavastream/src/main/scala/example/StatefulProcessor.scala
2023.07.07 21:37:44 WARN  Could not load snapshot text for /Users/rakadealengine/Projects/tryjavastream/src/main/scala/example/StatefulProcessor.scala
2023.07.07 21:37:47 INFO  compiling root (1 scala source)
2023.07.07 21:37:47 INFO  time: compiled root in 42ms
2023.07.07 21:37:48 WARN  Could not load snapshot text for /Users/rakadealengine/Projects/tryjavastream/src/main/scala/example/StatefulProcessor.scala
2023.07.07 21:37:56 WARN  Could not load snapshot text for /Users/rakadealengine/Projects/tryjavastream/src/main/scala/example/StatefulProcessor.scala
2023.07.07 21:37:56 INFO  compiling root (1 scala source)
2023.07.07 21:37:56 INFO  time: compiled root in 40ms
2023.07.07 21:37:56 WARN  Could not load snapshot text for /Users/rakadealengine/Projects/tryjavastream/src/main/scala/example/StatefulProcessor.scala
2023.07.07 21:38:16 WARN  Could not load snapshot text for /Users/rakadealengine/Projects/tryjavastream/src/main/scala/example/StatefulProcessor.scala
2023.07.07 21:38:16 WARN  Could not load snapshot text for /Users/rakadealengine/Projects/tryjavastream/src/main/scala/example/StatefulProcessor.scala
2023.07.07 21:38:17 INFO  compiling root (1 scala source)
2023.07.07 21:38:17 INFO  time: compiled root in 39ms
2023.07.07 21:38:17 WARN  Could not load snapshot text for /Users/rakadealengine/Projects/tryjavastream/src/main/scala/example/StatefulProcessor.scala
2023.07.07 21:38:22 WARN  Could not load snapshot text for /Users/rakadealengine/Projects/tryjavastream/src/main/scala/example/StatefulProcessor.scala
2023.07.07 21:38:27 WARN  Could not load snapshot text for /Users/rakadealengine/Projects/tryjavastream/src/main/scala/example/StatefulProcessor.scala
2023.07.07 21:38:28 WARN  Could not load snapshot text for /Users/rakadealengine/Projects/tryjavastream/src/main/scala/example/StatefulProcessor.scala
2023.07.07 21:38:29 WARN  Could not load snapshot text for /Users/rakadealengine/Projects/tryjavastream/src/main/scala/example/StatefulProcessor.scala
2023.07.07 21:38:29 WARN  Could not load snapshot text for /Users/rakadealengine/Projects/tryjavastream/src/main/scala/example/StatefulProcessor.scala
2023.07.07 21:38:30 WARN  Could not load snapshot text for /Users/rakadealengine/Projects/tryjavastream/src/main/scala/example/StatefulProcessor.scala
2023.07.07 21:38:31 WARN  Could not load snapshot text for /Users/rakadealengine/Projects/tryjavastream/src/main/scala/example/StatefulProcessor.scala
2023.07.07 21:38:32 WARN  Could not load snapshot text for /Users/rakadealengine/Projects/tryjavastream/src/main/scala/example/StatefulProcessor.scala
2023.07.07 21:38:35 WARN  Could not load snapshot text for /Users/rakadealengine/Projects/tryjavastream/src/main/scala/example/StatefulProcessor.scala
2023.07.07 21:38:39 WARN  Could not load snapshot text for /Users/rakadealengine/Projects/tryjavastream/src/main/scala/example/StatefulProcessor.scala
2023.07.07 21:38:43 WARN  Could not load snapshot text for /Users/rakadealengine/Projects/tryjavastream/src/main/scala/example/StatefulProcessor.scala
2023.07.07 21:38:43 WARN  Could not load snapshot text for /Users/rakadealengine/Projects/tryjavastream/src/main/scala/example/StatefulProcessor.scala
2023.07.07 21:38:43 WARN  Could not load snapshot text for /Users/rakadealengine/Projects/tryjavastream/src/main/scala/example/StatefulProcessor.scala
2023.07.07 21:38:43 INFO  compiling root (1 scala source)
2023.07.07 21:38:43 WARN  Could not load snapshot text for /Users/rakadealengine/Projects/tryjavastream/src/main/scala/example/StatefulProcessor.scala
2023.07.07 21:38:43 WARN  Could not load snapshot text for /Users/rakadealengine/Projects/tryjavastream/src/main/scala/example/StatefulProcessor.scala
2023.07.07 21:38:43 INFO  time: compiled root in 42ms
2023.07.07 21:38:43 WARN  Could not load snapshot text for /Users/rakadealengine/Projects/tryjavastream/src/main/scala/example/StatefulProcessor.scala
2023.07.07 21:38:43 WARN  Could not load snapshot text for /Users/rakadealengine/Projects/tryjavastream/src/main/scala/example/StatefulProcessor.scala
2023.07.07 21:38:43 WARN  Could not load snapshot text for /Users/rakadealengine/Projects/tryjavastream/src/main/scala/example/StatefulProcessor.scala
2023.07.07 21:38:45 WARN  Could not load snapshot text for /Users/rakadealengine/Projects/tryjavastream/src/main/scala/example/StatefulProcessor.scala
2023.07.07 21:38:45 WARN  Could not load snapshot text for /Users/rakadealengine/Projects/tryjavastream/src/main/scala/example/StatefulProcessor.scala
2023.07.07 21:38:45 WARN  Could not load snapshot text for /Users/rakadealengine/Projects/tryjavastream/src/main/scala/example/StatefulProcessor.scala
2023.07.07 21:38:45 WARN  Could not load snapshot text for /Users/rakadealengine/Projects/tryjavastream/src/main/scala/example/StatefulProcessor.scala
2023.07.07 21:38:45 WARN  Could not load snapshot text for /Users/rakadealengine/Projects/tryjavastream/src/main/scala/example/StatefulProcessor.scala
2023.07.07 21:38:45 WARN  Could not load snapshot text for /Users/rakadealengine/Projects/tryjavastream/src/main/scala/example/StatefulProcessor.scala
2023.07.07 21:38:45 WARN  Could not load snapshot text for /Users/rakadealengine/Projects/tryjavastream/src/main/scala/example/StatefulProcessor.scala
2023.07.07 21:38:46 WARN  Could not load snapshot text for /Users/rakadealengine/Projects/tryjavastream/src/main/scala/example/StatefulProcessor.scala
2023.07.07 21:38:46 WARN  Could not load snapshot text for /Users/rakadealengine/Projects/tryjavastream/src/main/scala/example/StatefulProcessor.scala
2023.07.07 21:38:47 WARN  Could not load snapshot text for /Users/rakadealengine/Projects/tryjavastream/src/main/scala/example/StatefulProcessor.scala
2023.07.07 21:38:48 WARN  Could not load snapshot text for /Users/rakadealengine/Projects/tryjavastream/src/main/scala/example/StatefulProcessor.scala
2023.07.07 21:38:48 WARN  Could not load snapshot text for /Users/rakadealengine/Projects/tryjavastream/src/main/scala/example/StatefulProcessor.scala
2023.07.07 21:38:49 WARN  Could not load snapshot text for /Users/rakadealengine/Projects/tryjavastream/src/main/scala/example/StatefulProcessor.scala
2023.07.07 21:38:50 WARN  Could not load snapshot text for /Users/rakadealengine/Projects/tryjavastream/src/main/scala/example/StatefulProcessor.scala
2023.07.07 21:38:50 WARN  Could not load snapshot text for /Users/rakadealengine/Projects/tryjavastream/src/main/scala/example/StatefulProcessor.scala
2023.07.07 21:38:51 WARN  Could not load snapshot text for /Users/rakadealengine/Projects/tryjavastream/src/main/scala/example/StatefulProcessor.scala
2023.07.07 21:38:51 WARN  Could not load snapshot text for /Users/rakadealengine/Projects/tryjavastream/src/main/scala/example/StatefulProcessor.scala
2023.07.07 21:38:52 WARN  Could not load snapshot text for /Users/rakadealengine/Projects/tryjavastream/src/main/scala/example/StatefulProcessor.scala
2023.07.07 21:38:52 WARN  Could not load snapshot text for /Users/rakadealengine/Projects/tryjavastream/src/main/scala/example/StatefulProcessor.scala
2023.07.07 21:38:53 WARN  Could not load snapshot text for /Users/rakadealengine/Projects/tryjavastream/src/main/scala/example/StatefulProcessor.scala
2023.07.07 21:38:56 WARN  Could not load snapshot text for /Users/rakadealengine/Projects/tryjavastream/src/main/scala/example/StatefulProcessor.scala
2023.07.07 21:38:57 WARN  Could not load snapshot text for /Users/rakadealengine/Projects/tryjavastream/src/main/scala/example/StatefulProcessor.scala
2023.07.07 21:38:59 WARN  Could not load snapshot text for /Users/rakadealengine/Projects/tryjavastream/src/main/scala/example/StatefulProcessor.scala
2023.07.07 21:38:59 WARN  Could not load snapshot text for /Users/rakadealengine/Projects/tryjavastream/src/main/scala/example/StatefulProcessor.scala
2023.07.07 21:39:01 WARN  Could not load snapshot text for /Users/rakadealengine/Projects/tryjavastream/src/main/scala/example/StatefulProcessor.scala
2023.07.07 21:39:01 WARN  Could not load snapshot text for /Users/rakadealengine/Projects/tryjavastream/src/main/scala/example/StatefulProcessor.scala
2023.07.07 21:39:02 WARN  Could not load snapshot text for /Users/rakadealengine/Projects/tryjavastream/src/main/scala/example/StatefulProcessor.scala
2023.07.07 21:39:02 WARN  Could not load snapshot text for /Users/rakadealengine/Projects/tryjavastream/src/main/scala/example/StatefulProcessor.scala
Jul 07, 2023 9:39:03 PM org.eclipse.lsp4j.jsonrpc.RemoteEndpoint handleCancellation
WARNING: Unmatched cancel notification for request id 8502
2023.07.07 21:39:05 WARN  Could not load snapshot text for /Users/rakadealengine/Projects/tryjavastream/src/main/scala/example/StatefulProcessor.scala
2023.07.07 21:39:05 INFO  compiling root (1 scala source)
2023.07.07 21:39:05 INFO  time: compiled root in 0.37s
2023.07.07 21:39:05 INFO  compiling root (1 scala source)
2023.07.07 21:39:05 INFO  time: compiled root in 26ms
2023.07.07 21:39:06 WARN  Could not load snapshot text for /Users/rakadealengine/Projects/tryjavastream/src/main/scala/example/StatefulProcessor.scala
2023.07.07 21:39:07 WARN  Could not load snapshot text for /Users/rakadealengine/Projects/tryjavastream/src/main/scala/example/StatefulProcessor.scala
2023.07.07 21:39:08 WARN  Could not load snapshot text for /Users/rakadealengine/Projects/tryjavastream/src/main/scala/example/StatefulProcessor.scala
2023.07.07 21:39:07 WARN  Could not load snapshot text for /Users/rakadealengine/Projects/tryjavastream/src/main/scala/example/StatefulProcessor.scala
2023.07.07 21:39:08 INFO  compiling root (1 scala source)
2023.07.07 21:39:08 INFO  time: compiled root in 0.33s
2023.07.07 21:39:08 INFO  compiling root (1 scala source)
2023.07.07 21:39:08 INFO  time: compiled root in 25ms
2023.07.07 21:39:09 WARN  Could not load snapshot text for /Users/rakadealengine/Projects/tryjavastream/src/main/scala/example/StatefulProcessor.scala
2023.07.07 21:40:03 INFO  compiling root (1 scala source)
2023.07.07 21:40:03 WARN  Could not load snapshot text for /Users/rakadealengine/Projects/tryjavastream/src/main/scala/example/StatefulProcessor.scala
2023.07.07 21:40:03 WARN  Could not load snapshot text for /Users/rakadealengine/Projects/tryjavastream/src/main/scala/example/StatefulProcessor.scala
2023.07.07 21:40:03 INFO  time: compiled root in 0.34s
2023.07.07 21:40:03 INFO  compiling root (1 scala source)
2023.07.07 21:40:03 INFO  time: compiled root in 26ms
2023.07.07 21:40:04 WARN  Could not load snapshot text for /Users/rakadealengine/Projects/tryjavastream/src/main/scala/example/StatefulProcessor.scala
2023.07.07 21:40:10 INFO  compiling root (1 scala source)
2023.07.07 21:40:10 INFO  time: compiled root in 0.34s
2023.07.07 21:40:10 INFO  compiling root (1 scala source)
2023.07.07 21:40:10 INFO  time: compiled root in 25ms
2023.07.07 21:40:11 WARN  Could not load snapshot text for /Users/rakadealengine/Projects/tryjavastream/src/main/scala/example/StatefulProcessor.scala
2023.07.07 21:40:21 INFO  compiling root (3 scala sources)
2023.07.07 21:40:21 INFO  time: compiled root in 53ms
2023.07.07 21:40:33 INFO  compiling root (3 scala sources)
2023.07.07 21:40:33 INFO  time: compiled root in 75ms
2023.07.07 21:40:46 WARN  Could not load snapshot text for /Users/rakadealengine/Projects/tryjavastream/src/main/scala/example/StatefulProcessor.scala
2023.07.07 21:41:12 INFO  compiling root (3 scala sources)
2023.07.07 21:41:12 INFO  time: compiled root in 53ms
2023.07.07 21:41:31 INFO  compiling root (3 scala sources)
2023.07.07 21:41:31 INFO  time: compiled root in 53ms
2023.07.07 21:41:31 INFO  compiling root (3 scala sources)
2023.07.07 21:41:31 INFO  time: compiled root in 41ms
2023.07.07 21:51:52 INFO  compiling root (3 scala sources)
2023.07.07 21:51:52 INFO  time: compiled root in 0.1s
2023.07.07 22:29:28 INFO  compiling root (3 scala sources)
2023.07.07 22:29:28 INFO  time: compiled root in 62ms
2023.07.07 22:29:47 INFO  compiling root (3 scala sources)
2023.07.07 22:29:47 INFO  time: compiled root in 0.99s
2023.07.07 22:30:54 INFO  compiling root (1 scala source)
2023.07.07 22:30:54 INFO  time: compiled root in 0.41s
2023.07.07 22:30:54 INFO  compiling root (1 scala source)
2023.07.07 22:30:54 INFO  time: compiled root in 26ms
2023.07.07 22:31:33 WARN  Using indexes to guess the definition of String
2023.07.07 22:31:34 INFO  compiling root (1 scala source)
2023.07.07 22:31:34 INFO  time: compiled root in 49ms
2023.07.07 22:31:57 INFO  compiling root (1 scala source)
2023.07.07 22:31:57 INFO  time: compiled root in 35ms
something's wrong: no file:///Users/rakadealengine/Projects/tryjavastream/src/main/scala/example/StatefulProcessor.scala in example.StatefulProcessor[I,<error>]RangePosition(file:///Users/rakadealengine/Projects/tryjavastream/src/main/scala/example/StatefulProcessor.scala, 1476, 1476, 1505)
something's wrong: no file:///Users/rakadealengine/Projects/tryjavastream/src/main/scala/example/StatefulProcessor.scala in example.StatefulProcessor[I,<error>]RangePosition(file:///Users/rakadealengine/Projects/tryjavastream/src/main/scala/example/StatefulProcessor.scala, 1476, 1476, 1506)
something's wrong: no file:///Users/rakadealengine/Projects/tryjavastream/src/main/scala/example/StatefulProcessor.scala in example.StatefulProcessor[I,T]RangePosition(file:///Users/rakadealengine/Projects/tryjavastream/src/main/scala/example/StatefulProcessor.scala, 1476, 1476, 1499)
2023.07.07 22:32:20 INFO  compiling root (1 scala source)
2023.07.07 22:32:20 INFO  time: compiled root in 0.36s
2023.07.07 22:32:20 INFO  compiling root (1 scala source)
2023.07.07 22:32:20 INFO  time: compiled root in 27ms
2023.07.07 22:32:42 INFO  compiling root (3 scala sources)
2023.07.07 22:32:42 INFO  time: compiled root in 0.56s
2023.07.07 22:32:52 INFO  compiling root (1 scala source)
2023.07.07 22:32:52 INFO  time: compiled root in 0.35s
2023.07.07 22:32:59 WARN  Using indexes to guess the definition of subscription
2023.07.07 22:33:00 INFO  compiling root (1 scala source)
2023.07.07 22:33:00 INFO  time: compiled root in 0.36s
2023.07.07 22:33:02 INFO  compiling root (1 scala source)
2023.07.07 22:33:02 INFO  time: compiled root in 0.37s
2023.07.07 22:33:04 INFO  compiling root (1 scala source)
2023.07.07 22:33:04 INFO  time: compiled root in 0.31s
2023.07.07 22:34:46 INFO  compiling root (1 scala source)
2023.07.07 22:34:46 INFO  time: compiled root in 0.17s
2023.07.07 22:35:23 INFO  compiling root (1 scala source)
2023.07.07 22:35:23 INFO  time: compiled root in 0.15s
2023.07.07 22:35:30 INFO  compiling root (1 scala source)
2023.07.07 22:35:30 INFO  time: compiled root in 0.16s
2023.07.07 22:35:33 INFO  compiling root (1 scala source)
2023.07.07 22:35:33 INFO  time: compiled root in 0.16s
2023.07.07 23:27:56 INFO  compiling root (1 scala source)
2023.07.07 23:27:56 INFO  time: compiled root in 0.11s
2023.07.07 23:27:59 INFO  compiling root (1 scala source)
2023.07.07 23:27:59 INFO  time: compiled root in 52ms
2023.07.07 23:28:08 INFO  compiling root (1 scala source)
2023.07.07 23:28:08 INFO  time: compiled root in 29ms
2023.07.07 23:28:12 INFO  compiling root (1 scala source)
2023.07.07 23:28:12 INFO  time: compiled root in 0.4s
Jul 07, 2023 11:30:21 PM org.eclipse.lsp4j.jsonrpc.RemoteEndpoint handleCancellation
WARNING: Unmatched cancel notification for request id 9446
2023.07.07 23:31:17 INFO  compiling root (1 scala source)
2023.07.07 23:31:17 INFO  time: compiled root in 0.1s
2023.07.07 23:31:38 INFO  compiling root (1 scala source)
2023.07.07 23:31:38 INFO  time: compiled root in 62ms
2023.07.07 23:31:53 INFO  compiling root (1 scala source)
2023.07.07 23:31:53 INFO  time: compiled root in 0.14s
2023.07.07 23:33:21 INFO  compiling root (2 scala sources)
2023.07.07 23:33:21 INFO  time: compiled root in 0.11s
2023.07.07 23:33:22 WARN  Could not load snapshot text for /Users/rakadealengine/Projects/tryjavastream/src/main/scala/example/StatefulProcessor.scala
2023.07.07 23:33:31 WARN  Could not load snapshot text for /Users/rakadealengine/Projects/tryjavastream/src/main/scala/example/StatefulProcessor.scala
2023.07.07 23:33:31 WARN  Could not load snapshot text for /Users/rakadealengine/Projects/tryjavastream/src/main/scala/example/StatefulProcessor.scala
2023.07.07 23:33:32 WARN  Could not load snapshot text for /Users/rakadealengine/Projects/tryjavastream/src/main/scala/example/StatefulProcessor.scala
2023.07.07 23:33:32 INFO  compiling root (2 scala sources)
2023.07.07 23:33:32 INFO  time: compiled root in 58ms
2023.07.07 23:33:33 WARN  Could not load snapshot text for /Users/rakadealengine/Projects/tryjavastream/src/main/scala/example/StatefulProcessor.scala
2023.07.07 23:33:44 WARN  Could not load snapshot text for /Users/rakadealengine/Projects/tryjavastream/src/main/scala/example/StatefulProcessor.scala
2023.07.07 23:33:45 WARN  Could not load snapshot text for /Users/rakadealengine/Projects/tryjavastream/src/main/scala/example/StatefulProcessor.scala
2023.07.07 23:33:45 WARN  Could not load snapshot text for /Users/rakadealengine/Projects/tryjavastream/src/main/scala/example/StatefulProcessor.scala
2023.07.07 23:33:45 WARN  Could not load snapshot text for /Users/rakadealengine/Projects/tryjavastream/src/main/scala/example/StatefulProcessor.scala
2023.07.07 23:33:46 INFO  compiling root (2 scala sources)
2023.07.07 23:33:46 INFO  time: compiled root in 68ms
2023.07.07 23:33:46 WARN  Could not load snapshot text for /Users/rakadealengine/Projects/tryjavastream/src/main/scala/example/StatefulProcessor.scala
2023.07.07 23:34:21 WARN  Could not load snapshot text for /Users/rakadealengine/Projects/tryjavastream/src/main/scala/example/StatefulProcessor.scala
2023.07.07 23:34:21 WARN  Could not load snapshot text for /Users/rakadealengine/Projects/tryjavastream/src/main/scala/example/StatefulProcessor.scala
2023.07.07 23:34:21 WARN  Could not load snapshot text for /Users/rakadealengine/Projects/tryjavastream/src/main/scala/example/StatefulProcessor.scala
2023.07.07 23:34:23 WARN  Could not load snapshot text for /Users/rakadealengine/Projects/tryjavastream/src/main/scala/example/StatefulProcessor.scala
2023.07.07 23:34:24 WARN  Could not load snapshot text for /Users/rakadealengine/Projects/tryjavastream/src/main/scala/example/StatefulProcessor.scala
2023.07.07 23:34:27 WARN  Could not load snapshot text for /Users/rakadealengine/Projects/tryjavastream/src/main/scala/example/StatefulProcessor.scala
2023.07.07 23:34:28 WARN  Could not load snapshot text for /Users/rakadealengine/Projects/tryjavastream/src/main/scala/example/StatefulProcessor.scala
2023.07.07 23:34:29 WARN  Could not load snapshot text for /Users/rakadealengine/Projects/tryjavastream/src/main/scala/example/StatefulProcessor.scala
2023.07.07 23:34:30 INFO  compiling root (2 scala sources)
2023.07.07 23:34:30 INFO  time: compiled root in 59ms
2023.07.07 23:34:31 WARN  Could not load snapshot text for /Users/rakadealengine/Projects/tryjavastream/src/main/scala/example/StatefulProcessor.scala
2023.07.07 23:34:36 WARN  Could not load snapshot text for /Users/rakadealengine/Projects/tryjavastream/src/main/scala/example/StatefulProcessor.scala
2023.07.07 23:34:36 WARN  Could not load snapshot text for /Users/rakadealengine/Projects/tryjavastream/src/main/scala/example/StatefulProcessor.scala
something's wrong: no file:///Users/rakadealengine/Projects/tryjavastream/src/main/scala/example/StatefulProcessor.scala in example.StatefulProcessor.State[I,T,<error>]RangePosition(file:///Users/rakadealengine/Projects/tryjavastream/src/main/scala/example/StatefulProcessor.scala, 1326, 1326, 1346)
2023.07.07 23:34:39 WARN  Could not load snapshot text for /Users/rakadealengine/Projects/tryjavastream/src/main/scala/example/StatefulProcessor.scala
2023.07.07 23:34:39 WARN  Could not load snapshot text for /Users/rakadealengine/Projects/tryjavastream/src/main/scala/example/StatefulProcessor.scala
2023.07.07 23:34:40 INFO  compiling root (2 scala sources)
2023.07.07 23:34:40 INFO  time: compiled root in 71ms
2023.07.07 23:34:40 WARN  Could not load snapshot text for /Users/rakadealengine/Projects/tryjavastream/src/main/scala/example/StatefulProcessor.scala
2023.07.07 23:34:44 WARN  Could not load snapshot text for /Users/rakadealengine/Projects/tryjavastream/src/main/scala/example/StatefulProcessor.scala
2023.07.07 23:34:44 WARN  Could not load snapshot text for /Users/rakadealengine/Projects/tryjavastream/src/main/scala/example/StatefulProcessor.scala
2023.07.07 23:34:44 INFO  compiling root (2 scala sources)
2023.07.07 23:34:44 INFO  time: compiled root in 50ms
2023.07.07 23:34:45 WARN  Could not load snapshot text for /Users/rakadealengine/Projects/tryjavastream/src/main/scala/example/StatefulProcessor.scala
something's wrong: no file:///Users/rakadealengine/Projects/tryjavastream/src/main/scala/example/StatefulProcessor.scala in example.StatefulProcessor.State[I,T,<error>]RangePosition(file:///Users/rakadealengine/Projects/tryjavastream/src/main/scala/example/StatefulProcessor.scala, 1434, 1452, 1472)
2023.07.07 23:34:52 WARN  Could not load snapshot text for /Users/rakadealengine/Projects/tryjavastream/src/main/scala/example/StatefulProcessor.scala
2023.07.07 23:34:52 WARN  Could not load snapshot text for /Users/rakadealengine/Projects/tryjavastream/src/main/scala/example/StatefulProcessor.scala
2023.07.07 23:34:56 WARN  Could not load snapshot text for /Users/rakadealengine/Projects/tryjavastream/src/main/scala/example/StatefulProcessor.scala
2023.07.07 23:34:57 WARN  Could not load snapshot text for /Users/rakadealengine/Projects/tryjavastream/src/main/scala/example/StatefulProcessor.scala
something's wrong: no file:///Users/rakadealengine/Projects/tryjavastream/src/main/scala/example/StatefulProcessor.scala in example.StatefulProcessor[I,T,<error>]RangePosition(file:///Users/rakadealengine/Projects/tryjavastream/src/main/scala/example/StatefulProcessor.scala, 1506, 1506, 1538)
something's wrong: no file:///Users/rakadealengine/Projects/tryjavastream/src/main/scala/example/StatefulProcessor.scala in example.StatefulProcessor[I,T,<error>]RangePosition(file:///Users/rakadealengine/Projects/tryjavastream/src/main/scala/example/StatefulProcessor.scala, 1506, 1506, 1539)
2023.07.07 23:35:00 WARN  Could not load snapshot text for /Users/rakadealengine/Projects/tryjavastream/src/main/scala/example/StatefulProcessor.scala
something's wrong: no file:///Users/rakadealengine/Projects/tryjavastream/src/main/scala/example/StatefulProcessor.scala in example.StatefulProcessor[I,T,C]RangePosition(file:///Users/rakadealengine/Projects/tryjavastream/src/main/scala/example/StatefulProcessor.scala, 1506, 1506, 1532)
2023.07.07 23:35:00 WARN  Could not load snapshot text for /Users/rakadealengine/Projects/tryjavastream/src/main/scala/example/StatefulProcessor.scala
2023.07.07 23:35:00 INFO  compiling root (2 scala sources)
2023.07.07 23:35:00 INFO  time: compiled root in 66ms
2023.07.07 23:35:01 WARN  Could not load snapshot text for /Users/rakadealengine/Projects/tryjavastream/src/main/scala/example/StatefulProcessor.scala
2023.07.07 23:35:29 WARN  Could not load snapshot text for /Users/rakadealengine/Projects/tryjavastream/src/main/scala/example/StatefulProcessor.scala
2023.07.07 23:35:31 WARN  Could not load snapshot text for /Users/rakadealengine/Projects/tryjavastream/src/main/scala/example/StatefulProcessor.scala
2023.07.07 23:35:31 WARN  Could not load snapshot text for /Users/rakadealengine/Projects/tryjavastream/src/main/scala/example/StatefulProcessor.scala
2023.07.07 23:35:31 WARN  Could not load snapshot text for /Users/rakadealengine/Projects/tryjavastream/src/main/scala/example/StatefulProcessor.scala
2023.07.07 23:35:31 WARN  Could not load snapshot text for /Users/rakadealengine/Projects/tryjavastream/src/main/scala/example/StatefulProcessor.scala
2023.07.07 23:35:33 WARN  Could not load snapshot text for /Users/rakadealengine/Projects/tryjavastream/src/main/scala/example/StatefulProcessor.scala
2023.07.07 23:35:33 WARN  Could not load snapshot text for /Users/rakadealengine/Projects/tryjavastream/src/main/scala/example/StatefulProcessor.scala
2023.07.07 23:35:34 WARN  Could not load snapshot text for /Users/rakadealengine/Projects/tryjavastream/src/main/scala/example/StatefulProcessor.scala
2023.07.07 23:35:33 WARN  Could not load snapshot text for /Users/rakadealengine/Projects/tryjavastream/src/main/scala/example/StatefulProcessor.scala
2023.07.07 23:35:45 WARN  Could not load snapshot text for /Users/rakadealengine/Projects/tryjavastream/src/main/scala/example/StatefulProcessor.scala
2023.07.07 23:35:45 WARN  Could not load snapshot text for /Users/rakadealengine/Projects/tryjavastream/src/main/scala/example/StatefulProcessor.scala
2023.07.07 23:35:46 WARN  Could not load snapshot text for /Users/rakadealengine/Projects/tryjavastream/src/main/scala/example/StatefulProcessor.scala
2023.07.07 23:35:46 WARN  Could not load snapshot text for /Users/rakadealengine/Projects/tryjavastream/src/main/scala/example/StatefulProcessor.scala
2023.07.07 23:35:46 WARN  Could not load snapshot text for /Users/rakadealengine/Projects/tryjavastream/src/main/scala/example/StatefulProcessor.scala
2023.07.07 23:35:47 WARN  Could not load snapshot text for /Users/rakadealengine/Projects/tryjavastream/src/main/scala/example/StatefulProcessor.scala
2023.07.07 23:35:48 WARN  Could not load snapshot text for /Users/rakadealengine/Projects/tryjavastream/src/main/scala/example/StatefulProcessor.scala
2023.07.07 23:35:49 WARN  Could not load snapshot text for /Users/rakadealengine/Projects/tryjavastream/src/main/scala/example/StatefulProcessor.scala
2023.07.07 23:35:49 WARN  Could not load snapshot text for /Users/rakadealengine/Projects/tryjavastream/src/main/scala/example/StatefulProcessor.scala
2023.07.07 23:35:50 INFO  compiling root (2 scala sources)
2023.07.07 23:35:50 INFO  time: compiled root in 56ms
2023.07.07 23:35:50 WARN  Could not load snapshot text for /Users/rakadealengine/Projects/tryjavastream/src/main/scala/example/StatefulProcessor.scala
something's wrong: no file:///Users/rakadealengine/Projects/tryjavastream/src/main/scala/example/StatefulProcessor.scala in example.StatefulProcessor[I,T,C]RangePosition(file:///Users/rakadealengine/Projects/tryjavastream/src/main/scala/example/StatefulProcessor.scala, 1518, 1518, 1544)
2023.07.07 23:35:56 WARN  Could not load snapshot text for /Users/rakadealengine/Projects/tryjavastream/src/main/scala/example/StatefulProcessor.scala
something's wrong: no file:///Users/rakadealengine/Projects/tryjavastream/src/main/scala/example/StatefulProcessor.scala in example.StatefulProcessor[I,T,C]RangePosition(file:///Users/rakadealengine/Projects/tryjavastream/src/main/scala/example/StatefulProcessor.scala, 1518, 1518, 1544)
2023.07.07 23:35:56 WARN  Could not load snapshot text for /Users/rakadealengine/Projects/tryjavastream/src/main/scala/example/StatefulProcessor.scala
2023.07.07 23:35:57 WARN  Could not load snapshot text for /Users/rakadealengine/Projects/tryjavastream/src/main/scala/example/StatefulProcessor.scala
something's wrong: no file:///Users/rakadealengine/Projects/tryjavastream/src/main/scala/example/StatefulProcessor.scala in example.StatefulProcessor[I,T,C]RangePosition(file:///Users/rakadealengine/Projects/tryjavastream/src/main/scala/example/StatefulProcessor.scala, 1518, 1518, 1544)
something's wrong: no file:///Users/rakadealengine/Projects/tryjavastream/src/main/scala/example/StatefulProcessor.scala in example.StatefulProcessor[I,T,C]RangePosition(file:///Users/rakadealengine/Projects/tryjavastream/src/main/scala/example/StatefulProcessor.scala, 1518, 1518, 1544)
2023.07.07 23:35:57 WARN  Could not load snapshot text for /Users/rakadealengine/Projects/tryjavastream/src/main/scala/example/StatefulProcessor.scala
2023.07.07 23:35:58 WARN  Could not load snapshot text for /Users/rakadealengine/Projects/tryjavastream/src/main/scala/example/StatefulProcessor.scala
2023.07.07 23:35:58 INFO  compiling root (2 scala sources)
2023.07.07 23:35:58 INFO  time: compiled root in 54ms
2023.07.07 23:35:59 WARN  Could not load snapshot text for /Users/rakadealengine/Projects/tryjavastream/src/main/scala/example/StatefulProcessor.scala
2023.07.07 23:36:52 WARN  Could not load snapshot text for /Users/rakadealengine/Projects/tryjavastream/src/main/scala/example/StatefulProcessor.scala
2023.07.07 23:36:52 WARN  Could not load snapshot text for /Users/rakadealengine/Projects/tryjavastream/src/main/scala/example/StatefulProcessor.scala
2023.07.07 23:36:52 WARN  Could not load snapshot text for /Users/rakadealengine/Projects/tryjavastream/src/main/scala/example/StatefulProcessor.scala
2023.07.07 23:36:53 WARN  Could not load snapshot text for /Users/rakadealengine/Projects/tryjavastream/src/main/scala/example/StatefulProcessor.scala
2023.07.07 23:36:55 WARN  Could not load snapshot text for /Users/rakadealengine/Projects/tryjavastream/src/main/scala/example/StatefulProcessor.scala
2023.07.07 23:36:55 WARN  Could not load snapshot text for /Users/rakadealengine/Projects/tryjavastream/src/main/scala/example/StatefulProcessor.scala
2023.07.07 23:36:55 WARN  Could not load snapshot text for /Users/rakadealengine/Projects/tryjavastream/src/main/scala/example/StatefulProcessor.scala
2023.07.07 23:36:55 WARN  Could not load snapshot text for /Users/rakadealengine/Projects/tryjavastream/src/main/scala/example/StatefulProcessor.scala
2023.07.07 23:36:56 INFO  compiling root (2 scala sources)
2023.07.07 23:36:56 INFO  time: compiled root in 56ms
2023.07.07 23:36:56 WARN  Could not load snapshot text for /Users/rakadealengine/Projects/tryjavastream/src/main/scala/example/StatefulProcessor.scala
2023.07.07 23:37:20 INFO  compiling root (2 scala sources)
2023.07.07 23:37:20 INFO  time: compiled root in 61ms
2023.07.07 23:37:26 INFO  compiling root (2 scala sources)
2023.07.07 23:37:26 INFO  time: compiled root in 51ms
2023.07.07 23:37:29 WARN  Could not load snapshot text for /Users/rakadealengine/Projects/tryjavastream/src/main/scala/example/StatefulProcessor.scala
2023.07.07 23:37:36 WARN  Could not load snapshot text for /Users/rakadealengine/Projects/tryjavastream/src/main/scala/example/StatefulProcessor.scala
2023.07.07 23:37:37 WARN  Could not load snapshot text for /Users/rakadealengine/Projects/tryjavastream/src/main/scala/example/StatefulProcessor.scala
2023.07.07 23:37:37 WARN  Could not load snapshot text for /Users/rakadealengine/Projects/tryjavastream/src/main/scala/example/StatefulProcessor.scala
2023.07.07 23:37:38 WARN  Could not load snapshot text for /Users/rakadealengine/Projects/tryjavastream/src/main/scala/example/StatefulProcessor.scala
2023.07.07 23:37:39 WARN  Could not load snapshot text for /Users/rakadealengine/Projects/tryjavastream/src/main/scala/example/StatefulProcessor.scala
2023.07.07 23:37:39 WARN  Could not load snapshot text for /Users/rakadealengine/Projects/tryjavastream/src/main/scala/example/StatefulProcessor.scala
2023.07.07 23:37:39 INFO  compiling root (2 scala sources)
2023.07.07 23:37:39 INFO  time: compiled root in 50ms
2023.07.07 23:37:40 WARN  Could not load snapshot text for /Users/rakadealengine/Projects/tryjavastream/src/main/scala/example/StatefulProcessor.scala
2023.07.07 23:37:40 WARN  Could not load snapshot text for /Users/rakadealengine/Projects/tryjavastream/src/main/scala/example/StatefulProcessor.scala
2023.07.07 23:37:40 WARN  Could not load snapshot text for /Users/rakadealengine/Projects/tryjavastream/src/main/scala/example/StatefulProcessor.scala
2023.07.07 23:37:41 WARN  Could not load snapshot text for /Users/rakadealengine/Projects/tryjavastream/src/main/scala/example/StatefulProcessor.scala
2023.07.07 23:37:43 WARN  Could not load snapshot text for /Users/rakadealengine/Projects/tryjavastream/src/main/scala/example/StatefulProcessor.scala
2023.07.07 23:37:43 WARN  Could not load snapshot text for /Users/rakadealengine/Projects/tryjavastream/src/main/scala/example/StatefulProcessor.scala
2023.07.07 23:37:44 WARN  Could not load snapshot text for /Users/rakadealengine/Projects/tryjavastream/src/main/scala/example/StatefulProcessor.scala
2023.07.07 23:37:45 WARN  Could not load snapshot text for /Users/rakadealengine/Projects/tryjavastream/src/main/scala/example/StatefulProcessor.scala
2023.07.07 23:37:46 WARN  Could not load snapshot text for /Users/rakadealengine/Projects/tryjavastream/src/main/scala/example/StatefulProcessor.scala
2023.07.07 23:37:46 INFO  compiling root (2 scala sources)
2023.07.07 23:37:46 INFO  time: compiled root in 57ms
2023.07.07 23:37:46 WARN  Could not load snapshot text for /Users/rakadealengine/Projects/tryjavastream/src/main/scala/example/StatefulProcessor.scala
2023.07.07 23:37:49 WARN  Could not load snapshot text for /Users/rakadealengine/Projects/tryjavastream/src/main/scala/example/StatefulProcessor.scala
2023.07.07 23:37:49 INFO  compiling root (2 scala sources)
2023.07.07 23:37:49 INFO  time: compiled root in 58ms
2023.07.07 23:37:49 WARN  Could not load snapshot text for /Users/rakadealengine/Projects/tryjavastream/src/main/scala/example/StatefulProcessor.scala
2023.07.07 23:37:58 WARN  Could not load snapshot text for /Users/rakadealengine/Projects/tryjavastream/src/main/scala/example/StatefulProcessor.scala
2023.07.07 23:37:59 WARN  Could not load snapshot text for /Users/rakadealengine/Projects/tryjavastream/src/main/scala/example/StatefulProcessor.scala
2023.07.07 23:37:59 WARN  Could not load snapshot text for /Users/rakadealengine/Projects/tryjavastream/src/main/scala/example/StatefulProcessor.scala
2023.07.07 23:37:59 WARN  Could not load snapshot text for /Users/rakadealengine/Projects/tryjavastream/src/main/scala/example/StatefulProcessor.scala
2023.07.07 23:38:00 INFO  compiling root (2 scala sources)
2023.07.07 23:38:00 INFO  time: compiled root in 57ms
2023.07.07 23:38:00 WARN  Could not load snapshot text for /Users/rakadealengine/Projects/tryjavastream/src/main/scala/example/StatefulProcessor.scala
2023.07.07 23:38:13 INFO  compiling root (2 scala sources)
2023.07.07 23:38:13 INFO  time: compiled root in 0.35s
2023.07.07 23:38:32 INFO  compiling root (2 scala sources)
2023.07.07 23:38:32 INFO  time: compiled root in 49ms
2023.07.07 23:38:36 INFO  compiling root (2 scala sources)
2023.07.07 23:38:36 INFO  time: compiled root in 50ms
2023.07.07 23:38:57 INFO  compiling root (2 scala sources)
2023.07.07 23:38:57 INFO  time: compiled root in 50ms
2023.07.07 23:39:03 INFO  compiling root (2 scala sources)
2023.07.07 23:39:03 INFO  time: compiled root in 44ms
2023.07.07 23:39:12 INFO  compiling root (2 scala sources)
2023.07.07 23:39:12 INFO  time: compiled root in 48ms
2023.07.07 23:39:20 INFO  compiling root (2 scala sources)
2023.07.07 23:39:20 INFO  time: compiled root in 50ms
2023.07.07 23:39:25 INFO  compiling root (2 scala sources)
2023.07.07 23:39:25 INFO  time: compiled root in 40ms
2023.07.07 23:39:28 INFO  compiling root (2 scala sources)
2023.07.07 23:39:28 INFO  time: compiled root in 47ms
2023.07.07 23:39:48 WARN  Could not load snapshot text for /Users/rakadealengine/Projects/tryjavastream/src/main/scala/example/StatefulProcessor.scala
2023.07.07 23:39:55 WARN  Could not load snapshot text for /Users/rakadealengine/Projects/tryjavastream/src/main/scala/example/StatefulProcessor.scala
2023.07.07 23:39:55 WARN  Could not load snapshot text for /Users/rakadealengine/Projects/tryjavastream/src/main/scala/example/StatefulProcessor.scala
2023.07.07 23:39:55 WARN  Using indexes to guess the definition of C
2023.07.07 23:39:55 WARN  Could not load snapshot text for /Users/rakadealengine/Projects/tryjavastream/src/main/scala/example/StatefulProcessor.scala
2023.07.07 23:39:56 WARN  Could not load snapshot text for /Users/rakadealengine/Projects/tryjavastream/src/main/scala/example/StatefulProcessor.scala
2023.07.07 23:39:56 WARN  Using indexes to guess the definition of C
2023.07.07 23:39:56 WARN  Could not load snapshot text for /Users/rakadealengine/Projects/tryjavastream/src/main/scala/example/StatefulProcessor.scala
2023.07.07 23:39:57 WARN  Could not load snapshot text for /Users/rakadealengine/Projects/tryjavastream/src/main/scala/example/StatefulProcessor.scala
2023.07.07 23:39:57 WARN  Could not load snapshot text for /Users/rakadealengine/Projects/tryjavastream/src/main/scala/example/StatefulProcessor.scala
2023.07.07 23:40:00 WARN  Could not load snapshot text for /Users/rakadealengine/Projects/tryjavastream/src/main/scala/example/StatefulProcessor.scala
2023.07.07 23:40:00 WARN  Could not load snapshot text for /Users/rakadealengine/Projects/tryjavastream/src/main/scala/example/StatefulProcessor.scala
2023.07.07 23:40:01 INFO  compiling root (2 scala sources)
2023.07.07 23:40:01 INFO  time: compiled root in 51ms
2023.07.07 23:40:01 WARN  Could not load snapshot text for /Users/rakadealengine/Projects/tryjavastream/src/main/scala/example/StatefulProcessor.scala
2023.07.07 23:40:12 INFO  compiling root (2 scala sources)
2023.07.07 23:40:12 INFO  time: compiled root in 0.42s
Jul 07, 2023 11:40:46 PM scala.meta.internal.pc.CompletionProvider expected$1
WARNING: offset 290, count -1, length 1622
2023.07.07 23:40:50 INFO  file:///Users/rakadealengine/Projects/tryjavastream/src/main/scala/poolfacade/Main.scala:35:1: stale bloop error: class InitialState needs to be abstract.
Missing implementation for member of trait State:
  val context: poolfacade.PoolContext = ??? // implements `val context: C`

> case class InitialState(subscription: Subscription) extends StatefulProcessor.State[Int, String, PoolContext] {
>   def handleItem(item: Int, context: PoolContext): StatefulProcessor.Result[Int, String, PoolContext] = {
>     println("Im initial state")
>     StatefulProcessor.Result(SubsequentState(subscription), s"item_$item", true)
>   }
> }
2023.07.07 23:40:50 INFO  file:///Users/rakadealengine/Projects/tryjavastream/src/main/scala/poolfacade/Main.scala:42:1: stale bloop error: class SubsequentState needs to be abstract.
Missing implementation for member of trait State:
  val context: poolfacade.PoolContext = ??? // implements `val context: C`

> case class SubsequentState(subscription: Subscription) extends StatefulProcessor.State[Int, String, PoolContext] {
>   def handleItem(item: Int, context: PoolContext): StatefulProcessor.Result[Int, String, PoolContext] = {
>     println("Im subsequent state")
>     StatefulProcessor.Result(this, s"item_$item", true)
>   }
> }
2023.07.07 23:40:50 INFO  file:///Users/rakadealengine/Projects/tryjavastream/src/main/scala/poolfacade/Main.scala:35:1: stale bloop error: class InitialState needs to be abstract.
Missing implementation for member of trait State:
  val context: poolfacade.PoolContext = ??? // implements `val context: C`

> case class InitialState(subscription: Subscription) extends StatefulProcessor.State[Int, String, PoolContext] {
>   def handleItem(item: Int, context: PoolContext): StatefulProcessor.Result[Int, String, PoolContext] = {
>     println("Im initial state")
>     StatefulProcessor.Result(SubsequentState(subscription), s"item_$item", true)
>   }
> }
2023.07.07 23:40:50 INFO  file:///Users/rakadealengine/Projects/tryjavastream/src/main/scala/poolfacade/Main.scala:42:1: stale bloop error: class SubsequentState needs to be abstract.
Missing implementation for member of trait State:
  val context: poolfacade.PoolContext = ??? // implements `val context: C`

> case class SubsequentState(subscription: Subscription) extends StatefulProcessor.State[Int, String, PoolContext] {
>   def handleItem(item: Int, context: PoolContext): StatefulProcessor.Result[Int, String, PoolContext] = {
>     println("Im subsequent state")
>     StatefulProcessor.Result(this, s"item_$item", true)
>   }
> }
2023.07.07 23:40:50 INFO  file:///Users/rakadealengine/Projects/tryjavastream/src/main/scala/poolfacade/Main.scala:35:1: stale bloop error: class InitialState needs to be abstract.
Missing implementation for member of trait State:
  val context: poolfacade.PoolContext = ??? // implements `val context: C`

> case class InitialState(subscription: Subscription) extends StatefulProcessor.State[Int, String, PoolContext] {
>   def handleItem(item: Int, context: PoolContext): StatefulProcessor.Result[Int, String, PoolContext] = {
>     println("Im initial state")
>     StatefulProcessor.Result(SubsequentState(subscription), s"item_$item", true)
>   }
> }
2023.07.07 23:40:50 INFO  file:///Users/rakadealengine/Projects/tryjavastream/src/main/scala/poolfacade/Main.scala:42:1: stale bloop error: class SubsequentState needs to be abstract.
Missing implementation for member of trait State:
  val context: poolfacade.PoolContext = ??? // implements `val context: C`

> case class SubsequentState(subscription: Subscription) extends StatefulProcessor.State[Int, String, PoolContext] {
>   def handleItem(item: Int, context: PoolContext): StatefulProcessor.Result[Int, String, PoolContext] = {
>     println("Im subsequent state")
>     StatefulProcessor.Result(this, s"item_$item", true)
>   }
> }
2023.07.07 23:40:50 INFO  file:///Users/rakadealengine/Projects/tryjavastream/src/main/scala/poolfacade/Main.scala:35:1: stale bloop error: class InitialState needs to be abstract.
Missing implementation for member of trait State:
  val context: poolfacade.PoolContext = ??? // implements `val context: C`

> case class InitialState(subscription: Subscription) extends StatefulProcessor.State[Int, String, PoolContext] {
>   def handleItem(item: Int, context: PoolContext): StatefulProcessor.Result[Int, String, PoolContext] = {
>     println("Im initial state")
>     StatefulProcessor.Result(SubsequentState(subscription), s"item_$item", true)
>   }
> }
2023.07.07 23:40:50 INFO  file:///Users/rakadealengine/Projects/tryjavastream/src/main/scala/poolfacade/Main.scala:42:1: stale bloop error: class SubsequentState needs to be abstract.
Missing implementation for member of trait State:
  val context: poolfacade.PoolContext = ??? // implements `val context: C`

> case class SubsequentState(subscription: Subscription) extends StatefulProcessor.State[Int, String, PoolContext] {
>   def handleItem(item: Int, context: PoolContext): StatefulProcessor.Result[Int, String, PoolContext] = {
>     println("Im subsequent state")
>     StatefulProcessor.Result(this, s"item_$item", true)
>   }
> }
2023.07.07 23:40:50 INFO  file:///Users/rakadealengine/Projects/tryjavastream/src/main/scala/poolfacade/Main.scala:35:1: stale bloop error: class InitialState needs to be abstract.
Missing implementation for member of trait State:
  val context: poolfacade.PoolContext = ??? // implements `val context: C`

> case class InitialState(subscription: Subscription) extends StatefulProcessor.State[Int, String, PoolContext] {
>   def handleItem(item: Int, context: PoolContext): StatefulProcessor.Result[Int, String, PoolContext] = {
>     println("Im initial state")
>     StatefulProcessor.Result(SubsequentState(subscription), s"item_$item", true)
>   }
> }
2023.07.07 23:40:50 INFO  file:///Users/rakadealengine/Projects/tryjavastream/src/main/scala/poolfacade/Main.scala:42:1: stale bloop error: class SubsequentState needs to be abstract.
Missing implementation for member of trait State:
  val context: poolfacade.PoolContext = ??? // implements `val context: C`

> case class SubsequentState(subscription: Subscription) extends StatefulProcessor.State[Int, String, PoolContext] {
>   def handleItem(item: Int, context: PoolContext): StatefulProcessor.Result[Int, String, PoolContext] = {
>     println("Im subsequent state")
>     StatefulProcessor.Result(this, s"item_$item", true)
>   }
> }
2023.07.07 23:40:50 INFO  file:///Users/rakadealengine/Projects/tryjavastream/src/main/scala/poolfacade/Main.scala:35:1: stale bloop error: class InitialState needs to be abstract.
Missing implementation for member of trait State:
  val context: poolfacade.PoolContext = ??? // implements `val context: C`

> case class InitialState(subscription: Subscription) extends StatefulProcessor.State[Int, String, PoolContext] {
>   def handleItem(item: Int, context: PoolContext): StatefulProcessor.Result[Int, String, PoolContext] = {
>     println("Im initial state")
>     StatefulProcessor.Result(SubsequentState(subscription), s"item_$item", true)
>   }
> }
2023.07.07 23:40:50 INFO  file:///Users/rakadealengine/Projects/tryjavastream/src/main/scala/poolfacade/Main.scala:42:1: stale bloop error: class SubsequentState needs to be abstract.
Missing implementation for member of trait State:
  val context: poolfacade.PoolContext = ??? // implements `val context: C`

> case class SubsequentState(subscription: Subscription) extends StatefulProcessor.State[Int, String, PoolContext] {
>   def handleItem(item: Int, context: PoolContext): StatefulProcessor.Result[Int, String, PoolContext] = {
>     println("Im subsequent state")
>     StatefulProcessor.Result(this, s"item_$item", true)
>   }
> }
2023.07.07 23:40:51 INFO  file:///Users/rakadealengine/Projects/tryjavastream/src/main/scala/poolfacade/Main.scala:35:1: stale bloop error: class InitialState needs to be abstract.
Missing implementation for member of trait State:
  val context: poolfacade.PoolContext = ??? // implements `val context: C`

> case class InitialState(subscription: Subscription) extends StatefulProcessor.State[Int, String, PoolContext] {
>   def handleItem(item: Int, context: PoolContext): StatefulProcessor.Result[Int, String, PoolContext] = {
>     println("Im initial state")
>     StatefulProcessor.Result(SubsequentState(subscription), s"item_$item", true)
>   }
> }
2023.07.07 23:40:51 INFO  file:///Users/rakadealengine/Projects/tryjavastream/src/main/scala/poolfacade/Main.scala:42:1: stale bloop error: class SubsequentState needs to be abstract.
Missing implementation for member of trait State:
  val context: poolfacade.PoolContext = ??? // implements `val context: C`

> case class SubsequentState(subscription: Subscription) extends StatefulProcessor.State[Int, String, PoolContext] {
>   def handleItem(item: Int, context: PoolContext): StatefulProcessor.Result[Int, String, PoolContext] = {
>     println("Im subsequent state")
>     StatefulProcessor.Result(this, s"item_$item", true)
>   }
> }
2023.07.07 23:40:51 INFO  file:///Users/rakadealengine/Projects/tryjavastream/src/main/scala/poolfacade/Main.scala:35:1: stale bloop error: class InitialState needs to be abstract.
Missing implementation for member of trait State:
  val context: poolfacade.PoolContext = ??? // implements `val context: C`

> case class InitialState(subscription: Subscription) extends StatefulProcessor.State[Int, String, PoolContext] {
>   def handleItem(item: Int, context: PoolContext): StatefulProcessor.Result[Int, String, PoolContext] = {
>     println("Im initial state")
>     StatefulProcessor.Result(SubsequentState(subscription), s"item_$item", true)
>   }
> }
2023.07.07 23:40:51 INFO  file:///Users/rakadealengine/Projects/tryjavastream/src/main/scala/poolfacade/Main.scala:42:1: stale bloop error: class SubsequentState needs to be abstract.
Missing implementation for member of trait State:
  val context: poolfacade.PoolContext = ??? // implements `val context: C`

> case class SubsequentState(subscription: Subscription) extends StatefulProcessor.State[Int, String, PoolContext] {
>   def handleItem(item: Int, context: PoolContext): StatefulProcessor.Result[Int, String, PoolContext] = {
>     println("Im subsequent state")
>     StatefulProcessor.Result(this, s"item_$item", true)
>   }
> }
2023.07.07 23:40:51 INFO  file:///Users/rakadealengine/Projects/tryjavastream/src/main/scala/poolfacade/Main.scala:35:1: stale bloop error: class InitialState needs to be abstract.
Missing implementation for member of trait State:
  val context: poolfacade.PoolContext = ??? // implements `val context: C`

> case class InitialState(subscription: Subscription) extends StatefulProcessor.State[Int, String, PoolContext] {
>   def handleItem(item: Int, context: PoolContext): StatefulProcessor.Result[Int, String, PoolContext] = {
>     println("Im initial state")
>     StatefulProcessor.Result(SubsequentState(subscription), s"item_$item", true)
>   }
> }
2023.07.07 23:40:51 INFO  file:///Users/rakadealengine/Projects/tryjavastream/src/main/scala/poolfacade/Main.scala:42:1: stale bloop error: class SubsequentState needs to be abstract.
Missing implementation for member of trait State:
  val context: poolfacade.PoolContext = ??? // implements `val context: C`

> case class SubsequentState(subscription: Subscription) extends StatefulProcessor.State[Int, String, PoolContext] {
>   def handleItem(item: Int, context: PoolContext): StatefulProcessor.Result[Int, String, PoolContext] = {
>     println("Im subsequent state")
>     StatefulProcessor.Result(this, s"item_$item", true)
>   }
> }
2023.07.07 23:40:52 INFO  file:///Users/rakadealengine/Projects/tryjavastream/src/main/scala/poolfacade/Main.scala:35:1: stale bloop error: class InitialState needs to be abstract.
Missing implementation for member of trait State:
  val context: poolfacade.PoolContext = ??? // implements `val context: C`

> case class InitialState(subscription: Subscription) extends StatefulProcessor.State[Int, String, PoolContext] {
>   def handleItem(item: Int, context: PoolContext): StatefulProcessor.Result[Int, String, PoolContext] = {
>     println("Im initial state")
>     StatefulProcessor.Result(SubsequentState(subscription), s"item_$item", true)
>   }
> }
2023.07.07 23:40:52 INFO  file:///Users/rakadealengine/Projects/tryjavastream/src/main/scala/poolfacade/Main.scala:42:1: stale bloop error: class SubsequentState needs to be abstract.
Missing implementation for member of trait State:
  val context: poolfacade.PoolContext = ??? // implements `val context: C`

> case class SubsequentState(subscription: Subscription) extends StatefulProcessor.State[Int, String, PoolContext] {
>   def handleItem(item: Int, context: PoolContext): StatefulProcessor.Result[Int, String, PoolContext] = {
>     println("Im subsequent state")
>     StatefulProcessor.Result(this, s"item_$item", true)
>   }
> }
2023.07.07 23:40:53 INFO  file:///Users/rakadealengine/Projects/tryjavastream/src/main/scala/poolfacade/Main.scala:35:1: stale bloop error: class InitialState needs to be abstract.
Missing implementation for member of trait State:
  val context: poolfacade.PoolContext = ??? // implements `val context: C`

> case class InitialState(subscription: Subscription) extends StatefulProcessor.State[Int, String, PoolContext] {
>   def handleItem(item: Int, context: PoolContext): StatefulProcessor.Result[Int, String, PoolContext] = {
>     println("Im initial state")
>     StatefulProcessor.Result(SubsequentState(subscription), s"item_$item", true)
>   }
> }
2023.07.07 23:40:53 INFO  file:///Users/rakadealengine/Projects/tryjavastream/src/main/scala/poolfacade/Main.scala:42:1: stale bloop error: class SubsequentState needs to be abstract.
Missing implementation for member of trait State:
  val context: poolfacade.PoolContext = ??? // implements `val context: C`

> case class SubsequentState(subscription: Subscription) extends StatefulProcessor.State[Int, String, PoolContext] {
>   def handleItem(item: Int, context: PoolContext): StatefulProcessor.Result[Int, String, PoolContext] = {
>     println("Im subsequent state")
>     StatefulProcessor.Result(this, s"item_$item", true)
>   }
> }
2023.07.07 23:40:53 INFO  file:///Users/rakadealengine/Projects/tryjavastream/src/main/scala/poolfacade/Main.scala:35:1: stale bloop error: class InitialState needs to be abstract.
Missing implementation for member of trait State:
  val context: poolfacade.PoolContext = ??? // implements `val context: C`

> case class InitialState(subscription: Subscription) extends StatefulProcessor.State[Int, String, PoolContext] {
>   def handleItem(item: Int, context: PoolContext): StatefulProcessor.Result[Int, String, PoolContext] = {
>     println("Im initial state")
>     StatefulProcessor.Result(SubsequentState(subscription), s"item_$item", true)
>   }
> }
2023.07.07 23:40:53 INFO  file:///Users/rakadealengine/Projects/tryjavastream/src/main/scala/poolfacade/Main.scala:42:1: stale bloop error: class SubsequentState needs to be abstract.
Missing implementation for member of trait State:
  val context: poolfacade.PoolContext = ??? // implements `val context: C`

> case class SubsequentState(subscription: Subscription) extends StatefulProcessor.State[Int, String, PoolContext] {
>   def handleItem(item: Int, context: PoolContext): StatefulProcessor.Result[Int, String, PoolContext] = {
>     println("Im subsequent state")
>     StatefulProcessor.Result(this, s"item_$item", true)
>   }
> }
2023.07.07 23:40:53 INFO  file:///Users/rakadealengine/Projects/tryjavastream/src/main/scala/poolfacade/Main.scala:35:1: stale bloop error: class InitialState needs to be abstract.
Missing implementation for member of trait State:
  val context: poolfacade.PoolContext = ??? // implements `val context: C`

> case class InitialState(subscription: Subscription) extends StatefulProcessor.State[Int, String, PoolContext] {
>   def handleItem(item: Int, context: PoolContext): StatefulProcessor.Result[Int, String, PoolContext] = {
>     println("Im initial state")
>     StatefulProcessor.Result(SubsequentState(subscription), s"item_$item", true)
>   }
> }
2023.07.07 23:40:53 INFO  file:///Users/rakadealengine/Projects/tryjavastream/src/main/scala/poolfacade/Main.scala:42:1: stale bloop error: class SubsequentState needs to be abstract.
Missing implementation for member of trait State:
  val context: poolfacade.PoolContext = ??? // implements `val context: C`

> case class SubsequentState(subscription: Subscription) extends StatefulProcessor.State[Int, String, PoolContext] {
>   def handleItem(item: Int, context: PoolContext): StatefulProcessor.Result[Int, String, PoolContext] = {
>     println("Im subsequent state")
>     StatefulProcessor.Result(this, s"item_$item", true)
>   }
> }
2023.07.07 23:40:54 INFO  file:///Users/rakadealengine/Projects/tryjavastream/src/main/scala/poolfacade/Main.scala:35:1: stale bloop error: class InitialState needs to be abstract.
Missing implementation for member of trait State:
  val context: poolfacade.PoolContext = ??? // implements `val context: C`

> case class InitialState(subscription: Subscription) extends StatefulProcessor.State[Int, String, PoolContext] {
>   def handleItem(item: Int, context: PoolContext): StatefulProcessor.Result[Int, String, PoolContext] = {
>     println("Im initial state")
>     StatefulProcessor.Result(SubsequentState(subscription), s"item_$item", true)
>   }
> }
2023.07.07 23:40:54 INFO  file:///Users/rakadealengine/Projects/tryjavastream/src/main/scala/poolfacade/Main.scala:42:1: stale bloop error: class SubsequentState needs to be abstract.
Missing implementation for member of trait State:
  val context: poolfacade.PoolContext = ??? // implements `val context: C`

> case class SubsequentState(subscription: Subscription) extends StatefulProcessor.State[Int, String, PoolContext] {
>   def handleItem(item: Int, context: PoolContext): StatefulProcessor.Result[Int, String, PoolContext] = {
>     println("Im subsequent state")
>     StatefulProcessor.Result(this, s"item_$item", true)
>   }
> }
2023.07.07 23:40:53 INFO  file:///Users/rakadealengine/Projects/tryjavastream/src/main/scala/poolfacade/Main.scala:35:1: stale bloop error: class InitialState needs to be abstract.
Missing implementation for member of trait State:
  val context: poolfacade.PoolContext = ??? // implements `val context: C`

> case class InitialState(subscription: Subscription) extends StatefulProcessor.State[Int, String, PoolContext] {
>   def handleItem(item: Int, context: PoolContext): StatefulProcessor.Result[Int, String, PoolContext] = {
>     println("Im initial state")
>     StatefulProcessor.Result(SubsequentState(subscription), s"item_$item", true)
>   }
> }
2023.07.07 23:40:53 INFO  file:///Users/rakadealengine/Projects/tryjavastream/src/main/scala/poolfacade/Main.scala:42:1: stale bloop error: class SubsequentState needs to be abstract.
Missing implementation for member of trait State:
  val context: poolfacade.PoolContext = ??? // implements `val context: C`

> case class SubsequentState(subscription: Subscription) extends StatefulProcessor.State[Int, String, PoolContext] {
>   def handleItem(item: Int, context: PoolContext): StatefulProcessor.Result[Int, String, PoolContext] = {
>     println("Im subsequent state")
>     StatefulProcessor.Result(this, s"item_$item", true)
>   }
> }
2023.07.07 23:40:54 INFO  file:///Users/rakadealengine/Projects/tryjavastream/src/main/scala/poolfacade/Main.scala:35:1: stale bloop error: class InitialState needs to be abstract.
Missing implementation for member of trait State:
  val context: poolfacade.PoolContext = ??? // implements `val context: C`

> case class InitialState(subscription: Subscription) extends StatefulProcessor.State[Int, String, PoolContext] {
>   def handleItem(item: Int, context: PoolContext): StatefulProcessor.Result[Int, String, PoolContext] = {
>     println("Im initial state")
>     StatefulProcessor.Result(SubsequentState(subscription), s"item_$item", true)
>   }
> }
2023.07.07 23:40:54 INFO  file:///Users/rakadealengine/Projects/tryjavastream/src/main/scala/poolfacade/Main.scala:42:1: stale bloop error: class SubsequentState needs to be abstract.
Missing implementation for member of trait State:
  val context: poolfacade.PoolContext = ??? // implements `val context: C`

> case class SubsequentState(subscription: Subscription) extends StatefulProcessor.State[Int, String, PoolContext] {
>   def handleItem(item: Int, context: PoolContext): StatefulProcessor.Result[Int, String, PoolContext] = {
>     println("Im subsequent state")
>     StatefulProcessor.Result(this, s"item_$item", true)
>   }
> }
Jul 07, 2023 11:41:09 PM scala.meta.internal.pc.CompletionProvider expected$1
WARNING: offset 315, count -1, length 1647
2023.07.07 23:41:15 INFO  compiling root (2 scala sources)
2023.07.07 23:41:15 INFO  time: compiled root in 46ms
2023.07.07 23:41:20 INFO  compiling root (2 scala sources)
2023.07.07 23:41:20 INFO  time: compiled root in 0.42s
2023.07.07 23:41:41 WARN  Could not load snapshot text for /Users/rakadealengine/Projects/tryjavastream/src/main/scala/example/StatefulProcessor.scala
2023.07.07 23:41:44 WARN  Could not load snapshot text for /Users/rakadealengine/Projects/tryjavastream/src/main/scala/example/StatefulProcessor.scala
2023.07.07 23:41:46 WARN  Could not load snapshot text for /Users/rakadealengine/Projects/tryjavastream/src/main/scala/example/StatefulProcessor.scala
2023.07.07 23:41:47 INFO  compiling root (2 scala sources)
2023.07.07 23:41:47 WARN  Could not load snapshot text for /Users/rakadealengine/Projects/tryjavastream/src/main/scala/example/StatefulProcessor.scala
2023.07.07 23:41:47 WARN  Could not load snapshot text for /Users/rakadealengine/Projects/tryjavastream/src/main/scala/example/StatefulProcessor.scala
2023.07.07 23:41:47 WARN  Could not load snapshot text for /Users/rakadealengine/Projects/tryjavastream/src/main/scala/example/StatefulProcessor.scala
2023.07.07 23:41:47 WARN  Could not load snapshot text for /Users/rakadealengine/Projects/tryjavastream/src/main/scala/example/StatefulProcessor.scala
2023.07.07 23:41:47 WARN  Could not load snapshot text for /Users/rakadealengine/Projects/tryjavastream/src/main/scala/example/StatefulProcessor.scala
2023.07.07 23:41:47 WARN  Could not load snapshot text for /Users/rakadealengine/Projects/tryjavastream/src/main/scala/example/StatefulProcessor.scala
2023.07.07 23:41:47 INFO  time: compiled root in 0.54s
2023.07.07 23:41:47 INFO  compiling root (2 scala sources)
2023.07.07 23:41:47 INFO  time: compiled root in 40ms
2023.07.07 23:41:48 WARN  Could not load snapshot text for /Users/rakadealengine/Projects/tryjavastream/src/main/scala/example/StatefulProcessor.scala
2023.07.07 23:48:29 WARN  Could not load snapshot text for /Users/rakadealengine/Projects/tryjavastream/src/main/scala/example/StatefulProcessor.scala
2023.07.07 23:48:34 WARN  Could not load snapshot text for /Users/rakadealengine/Projects/tryjavastream/src/main/scala/example/StatefulProcessor.scala
2023.07.07 23:48:35 WARN  Could not load snapshot text for /Users/rakadealengine/Projects/tryjavastream/src/main/scala/example/StatefulProcessor.scala
2023.07.07 23:48:36 WARN  Could not load snapshot text for /Users/rakadealengine/Projects/tryjavastream/src/main/scala/example/StatefulProcessor.scala
2023.07.07 23:48:37 WARN  Could not load snapshot text for /Users/rakadealengine/Projects/tryjavastream/src/main/scala/example/StatefulProcessor.scala
2023.07.07 23:48:37 WARN  Could not load snapshot text for /Users/rakadealengine/Projects/tryjavastream/src/main/scala/example/StatefulProcessor.scala
2023.07.07 23:48:38 WARN  Could not load snapshot text for /Users/rakadealengine/Projects/tryjavastream/src/main/scala/example/StatefulProcessor.scala
2023.07.07 23:48:38 WARN  Could not load snapshot text for /Users/rakadealengine/Projects/tryjavastream/src/main/scala/example/StatefulProcessor.scala
something's wrong: no file:///Users/rakadealengine/Projects/tryjavastream/src/main/scala/example/StatefulProcessor.scala in Option[C]RangePosition(file:///Users/rakadealengine/Projects/tryjavastream/src/main/scala/example/StatefulProcessor.scala, 274, 274, 282)
2023.07.07 23:48:38 WARN  Could not load snapshot text for /Users/rakadealengine/Projects/tryjavastream/src/main/scala/example/StatefulProcessor.scala
2023.07.07 23:48:41 WARN  Could not load snapshot text for /Users/rakadealengine/Projects/tryjavastream/src/main/scala/example/StatefulProcessor.scala
2023.07.07 23:48:41 INFO  compiling root (2 scala sources)
2023.07.07 23:48:41 INFO  time: compiled root in 0.13s
2023.07.07 23:48:41 WARN  Could not load snapshot text for /Users/rakadealengine/Projects/tryjavastream/src/main/scala/example/StatefulProcessor.scala
2023.07.07 23:48:50 WARN  Could not load snapshot text for /Users/rakadealengine/Projects/tryjavastream/src/main/scala/example/StatefulProcessor.scala
something's wrong: no file:///Users/rakadealengine/Projects/tryjavastream/src/main/scala/example/StatefulProcessor.scala in Option[C]RangePosition(file:///Users/rakadealengine/Projects/tryjavastream/src/main/scala/example/StatefulProcessor.scala, 1304, 1304, 1312)
2023.07.07 23:48:51 WARN  Could not load snapshot text for /Users/rakadealengine/Projects/tryjavastream/src/main/scala/example/StatefulProcessor.scala
2023.07.07 23:48:52 INFO  compiling root (2 scala sources)
2023.07.07 23:48:52 WARN  Could not load snapshot text for /Users/rakadealengine/Projects/tryjavastream/src/main/scala/example/StatefulProcessor.scala
2023.07.07 23:48:52 INFO  time: compiled root in 57ms
2023.07.07 23:48:53 WARN  Could not load snapshot text for /Users/rakadealengine/Projects/tryjavastream/src/main/scala/example/StatefulProcessor.scala
2023.07.07 23:48:58 WARN  Could not load snapshot text for /Users/rakadealengine/Projects/tryjavastream/src/main/scala/example/StatefulProcessor.scala
2023.07.07 23:48:59 WARN  Could not load snapshot text for /Users/rakadealengine/Projects/tryjavastream/src/main/scala/example/StatefulProcessor.scala
something's wrong: no file:///Users/rakadealengine/Projects/tryjavastream/src/main/scala/example/StatefulProcessor.scala in Option[<error>]RangePosition(file:///Users/rakadealengine/Projects/tryjavastream/src/main/scala/example/StatefulProcessor.scala, 1463, 1463, 1627)
2023.07.07 23:49:00 WARN  Could not load snapshot text for /Users/rakadealengine/Projects/tryjavastream/src/main/scala/example/StatefulProcessor.scala
something's wrong: no file:///Users/rakadealengine/Projects/tryjavastream/src/main/scala/example/StatefulProcessor.scala in Option[<error>]RangePosition(file:///Users/rakadealengine/Projects/tryjavastream/src/main/scala/example/StatefulProcessor.scala, 1463, 1463, 1479)
something's wrong: no file:///Users/rakadealengine/Projects/tryjavastream/src/main/scala/example/StatefulProcessor.scala in Option[C]RangePosition(file:///Users/rakadealengine/Projects/tryjavastream/src/main/scala/example/StatefulProcessor.scala, 1463, 1463, 1472)
2023.07.07 23:49:01 WARN  Could not load snapshot text for /Users/rakadealengine/Projects/tryjavastream/src/main/scala/example/StatefulProcessor.scala
2023.07.07 23:49:01 INFO  compiling root (2 scala sources)
2023.07.07 23:49:01 INFO  time: compiled root in 54ms
2023.07.07 23:49:01 WARN  Could not load snapshot text for /Users/rakadealengine/Projects/tryjavastream/src/main/scala/example/StatefulProcessor.scala
something's wrong: no file:///Users/rakadealengine/Projects/tryjavastream/src/main/scala/example/StatefulProcessor.scala in Option[C]RangePosition(file:///Users/rakadealengine/Projects/tryjavastream/src/main/scala/example/StatefulProcessor.scala, 1463, 1463, 1472)
2023.07.07 23:49:04 WARN  Could not load snapshot text for /Users/rakadealengine/Projects/tryjavastream/src/main/scala/example/StatefulProcessor.scala
2023.07.07 23:49:05 WARN  Could not load snapshot text for /Users/rakadealengine/Projects/tryjavastream/src/main/scala/example/StatefulProcessor.scala
2023.07.07 23:49:05 WARN  Could not load snapshot text for /Users/rakadealengine/Projects/tryjavastream/src/main/scala/example/StatefulProcessor.scala
2023.07.07 23:49:06 WARN  Could not load snapshot text for /Users/rakadealengine/Projects/tryjavastream/src/main/scala/example/StatefulProcessor.scala
2023.07.07 23:49:06 INFO  compiling root (2 scala sources)
2023.07.07 23:49:06 INFO  time: compiled root in 55ms
2023.07.07 23:49:06 WARN  Could not load snapshot text for /Users/rakadealengine/Projects/tryjavastream/src/main/scala/example/StatefulProcessor.scala
2023.07.07 23:49:17 INFO  compiling root (2 scala sources)
2023.07.07 23:49:17 INFO  time: compiled root in 57ms
2023.07.07 23:49:30 INFO  compiling root (2 scala sources)
2023.07.07 23:49:30 INFO  time: compiled root in 0.44s
2023.07.07 23:49:42 WARN  Using indexes to guess the definition of PoolContext
something's wrong: no file:///Users/rakadealengine/Projects/tryjavastream/src/main/scala/poolfacade/Main.scala in Option[poolfacade.PoolContext]RangePosition(file:///Users/rakadealengine/Projects/tryjavastream/src/main/scala/poolfacade/Main.scala, 1160, 1160, 1178)
2023.07.07 23:49:48 INFO  compiling root (2 scala sources)
2023.07.07 23:49:48 INFO  time: compiled root in 0.44s
2023.07.07 23:49:51 INFO  compiling root (2 scala sources)
2023.07.07 23:49:51 INFO  time: compiled root in 0.44s
2023.07.07 23:49:51 INFO  compiling root (2 scala sources)
2023.07.07 23:49:51 INFO  time: compiled root in 29ms
2023.07.07 23:50:00 INFO  compiling root (2 scala sources)
2023.07.07 23:50:00 INFO  time: compiled root in 0.45s
2023.07.07 23:50:00 INFO  compiling root (2 scala sources)
2023.07.07 23:50:00 INFO  time: compiled root in 28ms
2023.07.07 23:50:04 INFO  compiling root (4 scala sources)
2023.07.07 23:50:04 INFO  time: compiled root in 63ms
2023.07.07 23:50:07 INFO  compiling root (4 scala sources)
2023.07.07 23:50:07 INFO  time: compiled root in 61ms
2023.07.07 23:50:10 INFO  compiling root (4 scala sources)
2023.07.07 23:50:10 INFO  time: compiled root in 59ms
2023.07.07 23:50:15 INFO  compiling root (4 scala sources)
2023.07.07 23:50:15 INFO  time: compiled root in 59ms
2023.07.07 23:50:32 INFO  compiling root (4 scala sources)
2023.07.07 23:50:32 INFO  time: compiled root in 57ms
2023.07.07 23:50:41 INFO  compiling root (4 scala sources)
2023.07.07 23:50:41 INFO  time: compiled root in 0.52s
something's wrong: no file:///Users/rakadealengine/Projects/tryjavastream/src/main/scala/example/Main.scala in Option[<error>]RangePosition(file:///Users/rakadealengine/Projects/tryjavastream/src/main/scala/example/Main.scala, 992, 992, 1167)
something's wrong: no file:///Users/rakadealengine/Projects/tryjavastream/src/main/scala/example/Main.scala in Option[<error>]RangePosition(file:///Users/rakadealengine/Projects/tryjavastream/src/main/scala/example/Main.scala, 992, 992, 1008)
2023.07.07 23:51:01 INFO  compiling root (4 scala sources)
2023.07.07 23:51:01 INFO  Deduplicating compilation of root from bsp client 'Metals 0.11.12' (since 8h 36m 36.78s)
2023.07.07 23:51:01 INFO  compiling root (4 scala sources)
2023.07.07 23:51:01 INFO  time: compiled root in 0.51s
2023.07.07 23:51:06 INFO  compiling root (4 scala sources)
2023.07.07 23:51:06 INFO  time: compiled root in 0.52s
2023.07.08 00:04:00 INFO  compiling root (1 scala source)
2023.07.08 00:04:00 INFO  time: compiled root in 0.52s
2023.07.08 00:04:14 INFO  compiling root (1 scala source)
2023.07.08 00:04:14 INFO  time: compiled root in 25ms
2023.07.08 01:14:08 INFO  compiling root (1 scala source)
2023.07.08 01:14:08 INFO  time: compiled root in 0.61s
2023.07.08 01:14:26 INFO  compiling root (1 scala source)
2023.07.08 01:14:26 INFO  time: compiled root in 42ms
2023.07.08 01:14:30 INFO  compiling root (1 scala source)
2023.07.08 01:14:30 INFO  time: compiled root in 0.77s
2023.07.08 01:14:47 INFO  compiling root (1 scala source)
2023.07.08 01:14:47 INFO  time: compiled root in 0.42s
2023.07.08 01:18:16 INFO  compiling root (1 scala source)
2023.07.08 01:18:16 INFO  time: compiled root in 0.52s
2023.07.08 01:18:40 INFO  compiling root (1 scala source)
2023.07.08 01:18:40 INFO  time: compiled root in 47ms
2023.07.08 01:18:51 INFO  compiling root (1 scala source)
2023.07.08 01:18:51 INFO  time: compiled root in 49ms
Jul 08, 2023 1:19:48 AM org.eclipse.lsp4j.jsonrpc.RemoteEndpoint handleCancellation
WARNING: Unmatched cancel notification for request id 12806
2023.07.08 01:20:09 INFO  compiling root (1 scala source)
2023.07.08 01:20:09 INFO  time: compiled root in 47ms
2023.07.08 01:20:41 INFO  compiling root (1 scala source)
2023.07.08 01:20:41 INFO  time: compiled root in 48ms
2023.07.08 01:21:37 INFO  compiling root (1 scala source)
2023.07.08 01:21:37 INFO  time: compiled root in 28ms
2023.07.08 01:21:45 INFO  compiling root (1 scala source)
2023.07.08 01:21:45 INFO  time: compiled root in 60ms
2023.07.08 01:22:16 INFO  compiling root (1 scala source)
2023.07.08 01:22:16 INFO  time: compiled root in 57ms
2023.07.08 01:22:32 INFO  compiling root (1 scala source)
2023.07.08 01:22:32 INFO  time: compiled root in 55ms
2023.07.08 01:22:43 INFO  compiling root (1 scala source)
2023.07.08 01:22:43 INFO  time: compiled root in 52ms
2023.07.08 01:22:59 INFO  compiling root (1 scala source)
2023.07.08 01:22:59 INFO  time: compiled root in 89ms
2023.07.08 01:23:08 INFO  compiling root (1 scala source)
2023.07.08 01:23:08 INFO  time: compiled root in 51ms
2023.07.08 01:23:20 INFO  compiling root (1 scala source)
2023.07.08 01:23:20 INFO  time: compiled root in 48ms
2023.07.08 01:23:24 INFO  compiling root (1 scala source)
2023.07.08 01:23:24 INFO  time: compiled root in 52ms
2023.07.08 01:23:37 INFO  compiling root (1 scala source)
2023.07.08 01:23:37 INFO  time: compiled root in 50ms
2023.07.08 01:23:48 INFO  compiling root (1 scala source)
2023.07.08 01:23:48 INFO  time: compiled root in 46ms
2023.07.08 01:24:19 INFO  compiling root (1 scala source)
2023.07.08 01:24:19 INFO  time: compiled root in 51ms
2023.07.08 01:25:10 INFO  compiling root (1 scala source)
2023.07.08 01:25:10 INFO  time: compiled root in 53ms
2023.07.08 01:25:17 INFO  compiling root (1 scala source)
2023.07.08 01:25:17 INFO  time: compiled root in 55ms
2023.07.08 01:25:32 INFO  compiling root (1 scala source)
2023.07.08 01:25:32 INFO  time: compiled root in 53ms
2023.07.08 01:25:42 INFO  compiling root (1 scala source)
2023.07.08 01:25:42 INFO  time: compiled root in 50ms
2023.07.08 01:25:47 INFO  compiling root (1 scala source)
2023.07.08 01:25:47 INFO  time: compiled root in 50ms
2023.07.08 01:26:03 INFO  compiling root (1 scala source)
2023.07.08 01:26:03 INFO  time: compiled root in 51ms
2023.07.08 01:26:11 INFO  compiling root (1 scala source)
2023.07.08 01:26:11 INFO  time: compiled root in 48ms
2023.07.08 01:26:24 INFO  compiling root (1 scala source)
2023.07.08 01:26:24 INFO  time: compiled root in 46ms
2023.07.08 01:26:29 INFO  compiling root (1 scala source)
2023.07.08 01:26:29 INFO  time: compiled root in 48ms
2023.07.08 01:26:40 INFO  compiling root (1 scala source)
2023.07.08 01:26:40 INFO  time: compiled root in 52ms
2023.07.08 01:26:45 INFO  compiling root (1 scala source)
2023.07.08 01:26:45 INFO  time: compiled root in 56ms
2023.07.08 01:26:55 INFO  compiling root (1 scala source)
2023.07.08 01:26:55 INFO  time: compiled root in 51ms
2023.07.08 01:27:01 INFO  compiling root (1 scala source)
2023.07.08 01:27:01 INFO  time: compiled root in 50ms
2023.07.08 01:27:22 INFO  compiling root (1 scala source)
2023.07.08 01:27:22 INFO  time: compiled root in 57ms
2023.07.08 01:27:31 INFO  compiling root (1 scala source)
2023.07.08 01:27:31 INFO  time: compiled root in 58ms
2023.07.08 01:27:40 INFO  compiling root (1 scala source)
2023.07.08 01:27:40 INFO  time: compiled root in 45ms
2023.07.08 01:27:47 INFO  compiling root (1 scala source)
2023.07.08 01:27:47 INFO  time: compiled root in 47ms
2023.07.08 01:27:57 INFO  compiling root (1 scala source)
2023.07.08 01:27:57 INFO  time: compiled root in 47ms
2023.07.08 01:28:02 INFO  compiling root (1 scala source)
2023.07.08 01:28:02 INFO  time: compiled root in 46ms
2023.07.08 01:28:08 INFO  compiling root (1 scala source)
2023.07.08 01:28:08 INFO  time: compiled root in 47ms
2023.07.08 01:28:18 INFO  compiling root (1 scala source)
2023.07.08 01:28:18 INFO  time: compiled root in 48ms
2023.07.08 01:28:32 INFO  compiling root (1 scala source)
2023.07.08 01:28:32 INFO  time: compiled root in 51ms
2023.07.08 01:28:46 INFO  compiling root (1 scala source)
2023.07.08 01:28:46 INFO  time: compiled root in 47ms
2023.07.08 01:28:57 INFO  compiling root (1 scala source)
2023.07.08 01:28:57 INFO  time: compiled root in 26ms
2023.07.08 01:29:05 INFO  compiling root (1 scala source)
2023.07.08 01:29:05 INFO  time: compiled root in 45ms
2023.07.08 01:29:19 INFO  compiling root (1 scala source)
2023.07.08 01:29:19 INFO  time: compiled root in 47ms
2023.07.08 01:29:31 INFO  compiling root (1 scala source)
2023.07.08 01:29:31 INFO  time: compiled root in 38ms
2023.07.08 01:29:38 INFO  compiling root (1 scala source)
2023.07.08 01:29:38 INFO  time: compiled root in 48ms
2023.07.08 01:29:55 INFO  compiling root (1 scala source)
2023.07.08 01:29:55 INFO  time: compiled root in 43ms
something's wrong: no file:///Users/rakadealengine/Projects/tryjavastream/src/main/scala/poolfacade/Main.scala in Option[<error>]RangePosition(file:///Users/rakadealengine/Projects/tryjavastream/src/main/scala/poolfacade/Main.scala, 623, 623, 654)
something's wrong: no file:///Users/rakadealengine/Projects/tryjavastream/src/main/scala/poolfacade/Main.scala in Option[<error>]RangePosition(file:///Users/rakadealengine/Projects/tryjavastream/src/main/scala/poolfacade/Main.scala, 623, 623, 639)
something's wrong: no file:///Users/rakadealengine/Projects/tryjavastream/src/main/scala/poolfacade/Main.scala in Option[<error>]RangePosition(file:///Users/rakadealengine/Projects/tryjavastream/src/main/scala/poolfacade/Main.scala, 623, 623, 632)
something's wrong: no file:///Users/rakadealengine/Projects/tryjavastream/src/main/scala/poolfacade/Main.scala in Option[poolfacade.CookieMap]RangePosition(file:///Users/rakadealengine/Projects/tryjavastream/src/main/scala/poolfacade/Main.scala, 623, 623, 640)
2023.07.08 01:30:06 INFO  compiling root (1 scala source)
2023.07.08 01:30:06 INFO  time: compiled root in 42ms
2023.07.08 01:30:12 INFO  compiling root (1 scala source)
2023.07.08 01:30:12 INFO  time: compiled root in 44ms
2023.07.08 01:30:19 INFO  compiling root (1 scala source)
2023.07.08 01:30:19 INFO  time: compiled root in 0.4s
2023.07.08 01:30:24 INFO  compiling root (1 scala source)
2023.07.08 01:30:24 INFO  time: compiled root in 0.38s
2023.07.08 01:31:04 INFO  compiling root (1 scala source)
2023.07.08 01:31:04 INFO  time: compiled root in 0.4s
2023.07.08 01:31:15 INFO  compiling root (1 scala source)
2023.07.08 01:31:15 INFO  time: compiled root in 0.4s
2023.07.08 01:34:50 INFO  compiling root (1 scala source)
2023.07.08 01:34:50 INFO  time: compiled root in 40ms
2023.07.08 01:35:03 INFO  compiling root (1 scala source)
2023.07.08 01:35:03 INFO  time: compiled root in 31ms
2023.07.08 01:35:20 INFO  compiling root (1 scala source)
2023.07.08 01:35:20 INFO  time: compiled root in 0.49s
2023.07.08 01:35:36 INFO  compiling root (1 scala source)
2023.07.08 01:35:36 INFO  time: compiled root in 46ms
2023.07.08 01:36:14 INFO  compiling root (1 scala source)
2023.07.08 01:36:14 INFO  time: compiled root in 52ms
2023.07.08 01:36:23 INFO  compiling root (1 scala source)
2023.07.08 01:36:23 INFO  time: compiled root in 48ms
2023.07.08 01:36:55 INFO  compiling root (1 scala source)
2023.07.08 01:36:55 INFO  time: compiled root in 50ms
Jul 08, 2023 1:37:05 AM scala.meta.internal.pc.CompilerAccess retryWithCleanCompiler
INFO: compiler crashed due to an error in the Scala compiler, retrying with new compiler instance.
Jul 08, 2023 1:37:05 AM scala.meta.internal.pc.CompilerAccess handleError
SEVERE: Cannot invoke "scala.reflect.internal.Types$Type.typeSymbol()" because "tp" is null
java.lang.NullPointerException: Cannot invoke "scala.reflect.internal.Types$Type.typeSymbol()" because "tp" is null
	at scala.reflect.internal.Definitions$DefinitionsClass.isByNameParamType(Definitions.scala:426)
	at scala.reflect.internal.TreeInfo.isStableIdent(TreeInfo.scala:140)
	at scala.reflect.internal.TreeInfo.isStableIdentifier(TreeInfo.scala:113)
	at scala.reflect.internal.TreeInfo.isPath(TreeInfo.scala:102)
	at scala.tools.nsc.interactive.Global.stabilizedType(Global.scala:974)
	at scala.tools.nsc.interactive.Global.typedTreeAt(Global.scala:822)
	at scala.meta.internal.pc.SignatureHelpProvider.signatureHelp(SignatureHelpProvider.scala:23)

Jul 08, 2023 1:37:16 AM scala.meta.internal.pc.CompilerAccess retryWithCleanCompiler
INFO: compiler crashed due to an error in the Scala compiler, retrying with new compiler instance.
Jul 08, 2023 1:37:16 AM scala.meta.internal.pc.CompilerAccess handleError
SEVERE: Cannot invoke "scala.reflect.internal.Types$Type.typeSymbol()" because "tp" is null
java.lang.NullPointerException: Cannot invoke "scala.reflect.internal.Types$Type.typeSymbol()" because "tp" is null
	at scala.reflect.internal.Definitions$DefinitionsClass.isByNameParamType(Definitions.scala:426)
	at scala.reflect.internal.TreeInfo.isStableIdent(TreeInfo.scala:140)
	at scala.reflect.internal.TreeInfo.isStableIdentifier(TreeInfo.scala:113)
	at scala.reflect.internal.TreeInfo.isPath(TreeInfo.scala:102)
	at scala.tools.nsc.interactive.Global.stabilizedType(Global.scala:974)
	at scala.tools.nsc.interactive.Global.typedTreeAt(Global.scala:822)
	at scala.meta.internal.pc.SignatureHelpProvider.signatureHelp(SignatureHelpProvider.scala:23)

Jul 08, 2023 1:37:26 AM scala.meta.internal.pc.CompilerAccess retryWithCleanCompiler
INFO: compiler crashed due to an error in the Scala compiler, retrying with new compiler instance.
Jul 08, 2023 1:37:26 AM scala.meta.internal.pc.CompilerAccess handleError
SEVERE: Cannot invoke "scala.reflect.internal.Types$Type.typeSymbol()" because "tp" is null
java.lang.NullPointerException: Cannot invoke "scala.reflect.internal.Types$Type.typeSymbol()" because "tp" is null
	at scala.reflect.internal.Definitions$DefinitionsClass.isByNameParamType(Definitions.scala:426)
	at scala.reflect.internal.TreeInfo.isStableIdent(TreeInfo.scala:140)
	at scala.reflect.internal.TreeInfo.isStableIdentifier(TreeInfo.scala:113)
	at scala.reflect.internal.TreeInfo.isPath(TreeInfo.scala:102)
	at scala.tools.nsc.interactive.Global.stabilizedType(Global.scala:974)
	at scala.tools.nsc.interactive.Global.typedTreeAt(Global.scala:822)
	at scala.meta.internal.pc.SignatureHelpProvider.signatureHelp(SignatureHelpProvider.scala:23)

2023.07.08 01:37:29 INFO  compiling root (1 scala source)
2023.07.08 01:37:29 INFO  time: compiled root in 52ms
something's wrong: no file:///Users/rakadealengine/Projects/tryjavastream/src/main/scala/poolfacade/Main.scala in poolfacade.ResourcePool[<error>]RangePosition(file:///Users/rakadealengine/Projects/tryjavastream/src/main/scala/poolfacade/Main.scala, 1461, 1461, 1475)
2023.07.08 01:37:54 INFO  compiling root (1 scala source)
2023.07.08 01:37:54 INFO  time: compiled root in 42ms
2023.07.08 01:37:59 INFO  compiling root (1 scala source)
2023.07.08 01:37:59 INFO  time: compiled root in 41ms
2023.07.08 01:37:59 WARN  Using indexes to guess the definition of reserve
2023.07.08 01:38:00 INFO  compiling root (1 scala source)
2023.07.08 01:38:00 INFO  time: compiled root in 44ms
2023.07.08 01:38:24 INFO  compiling root (1 scala source)
2023.07.08 01:38:24 INFO  time: compiled root in 64ms
2023.07.08 01:38:33 INFO  compiling root (1 scala source)
2023.07.08 01:38:33 INFO  time: compiled root in 48ms
Jul 08, 2023 1:38:56 AM org.eclipse.lsp4j.jsonrpc.RemoteEndpoint handleCancellation
WARNING: Unmatched cancel notification for request id 15996
2023.07.08 01:39:01 INFO  compiling root (1 scala source)
2023.07.08 01:39:01 INFO  time: compiled root in 24ms
Jul 08, 2023 1:39:05 AM org.eclipse.lsp4j.jsonrpc.RemoteEndpoint handleCancellation
WARNING: Unmatched cancel notification for request id 16042
2023.07.08 01:39:22 INFO  compiling root (1 scala source)
2023.07.08 01:39:22 INFO  time: compiled root in 50ms
2023.07.08 01:39:31 INFO  compiling root (1 scala source)
2023.07.08 01:39:31 INFO  time: compiled root in 50ms
2023.07.08 01:39:48 INFO  compiling root (1 scala source)
2023.07.08 01:39:48 INFO  time: compiled root in 47ms
2023.07.08 01:40:19 INFO  compiling root (1 scala source)
2023.07.08 01:40:19 INFO  time: compiled root in 23ms
2023.07.08 01:42:21 INFO  compiling root (1 scala source)
2023.07.08 01:42:21 INFO  time: compiled root in 82ms
2023.07.08 01:42:53 INFO  compiling root (1 scala source)
2023.07.08 01:42:53 INFO  time: compiled root in 29ms
2023.07.08 01:43:06 INFO  compiling root (1 scala source)
2023.07.08 01:43:06 INFO  time: compiled root in 27ms
2023.07.08 01:43:11 INFO  compiling root (1 scala source)
2023.07.08 01:43:11 INFO  time: compiled root in 30ms
2023.07.08 01:43:35 INFO  compiling root (1 scala source)
2023.07.08 01:43:35 INFO  time: compiled root in 31ms
2023.07.08 01:43:39 INFO  compiling root (1 scala source)
2023.07.08 01:43:39 INFO  time: compiled root in 28ms
Jul 08, 2023 1:43:46 AM org.eclipse.lsp4j.jsonrpc.RemoteEndpoint handleCancellation
WARNING: Unmatched cancel notification for request id 16639
2023.07.08 01:43:50 INFO  compiling root (1 scala source)
2023.07.08 01:43:50 INFO  time: compiled root in 32ms
2023.07.08 01:44:13 INFO  compiling root (1 scala source)
2023.07.08 01:44:13 INFO  time: compiled root in 83ms
2023.07.08 01:44:19 INFO  compiling root (1 scala source)
2023.07.08 01:44:19 INFO  time: compiled root in 69ms
2023.07.08 01:44:49 INFO  compiling root (1 scala source)
2023.07.08 01:44:49 INFO  time: compiled root in 68ms
2023.07.08 01:44:53 INFO  compiling root (1 scala source)
2023.07.08 01:44:53 INFO  time: compiled root in 53ms
2023.07.08 01:45:11 WARN  Using indexes to guess the definition of resourcePool
2023.07.08 01:45:12 INFO  compiling root (1 scala source)
2023.07.08 01:45:12 INFO  time: compiled root in 49ms
2023.07.08 01:45:14 INFO  compiling root (1 scala source)
2023.07.08 01:45:14 INFO  time: compiled root in 51ms
2023.07.08 01:45:33 INFO  compiling root (1 scala source)
2023.07.08 01:45:33 INFO  time: compiled root in 50ms
2023.07.08 01:45:46 INFO  compiling root (1 scala source)
2023.07.08 01:45:46 INFO  time: compiled root in 49ms
2023.07.08 01:45:58 INFO  compiling root (1 scala source)
2023.07.08 01:45:58 INFO  time: compiled root in 51ms
2023.07.08 01:46:26 INFO  compiling root (1 scala source)
2023.07.08 01:46:26 INFO  time: compiled root in 52ms
2023.07.08 01:46:40 INFO  compiling root (1 scala source)
2023.07.08 01:46:40 INFO  time: compiled root in 52ms
2023.07.08 01:47:43 INFO  compiling root (1 scala source)
2023.07.08 01:47:43 INFO  time: compiled root in 49ms
2023.07.08 01:49:19 INFO  compiling root (1 scala source)
2023.07.08 01:49:19 INFO  time: compiled root in 80ms
2023.07.08 01:49:24 INFO  compiling root (1 scala source)
2023.07.08 01:49:24 INFO  time: compiled root in 54ms
2023.07.08 01:49:30 INFO  compiling root (1 scala source)
2023.07.08 01:49:30 INFO  time: compiled root in 57ms
2023.07.08 01:49:35 INFO  compiling root (1 scala source)
2023.07.08 01:49:35 INFO  time: compiled root in 45ms
2023.07.08 01:49:44 INFO  compiling root (1 scala source)
2023.07.08 01:49:44 INFO  time: compiled root in 48ms
2023.07.08 01:49:57 INFO  compiling root (1 scala source)
2023.07.08 01:49:57 INFO  time: compiled root in 52ms
2023.07.08 01:53:45 INFO  compiling root (1 scala source)
2023.07.08 01:53:45 INFO  time: compiled root in 0.1s
2023.07.08 01:54:32 INFO  compiling root (1 scala source)
2023.07.08 01:54:32 INFO  time: compiled root in 56ms
2023.07.08 01:55:34 INFO  compiling root (1 scala source)
2023.07.08 01:55:34 INFO  time: compiled root in 54ms
2023.07.08 01:55:41 INFO  compiling root (1 scala source)
2023.07.08 01:55:41 INFO  time: compiled root in 55ms
2023.07.08 01:56:07 INFO  compiling root (1 scala source)
2023.07.08 01:56:07 INFO  time: compiled root in 49ms
2023.07.08 01:56:19 INFO  compiling root (1 scala source)
2023.07.08 01:56:19 INFO  time: compiled root in 75ms
2023.07.08 01:56:27 INFO  compiling root (1 scala source)
2023.07.08 01:56:27 INFO  time: compiled root in 65ms
2023.07.08 01:56:35 INFO  compiling root (1 scala source)
2023.07.08 01:56:35 INFO  time: compiled root in 58ms
2023.07.08 01:56:43 INFO  compiling root (1 scala source)
2023.07.08 01:56:43 INFO  time: compiled root in 50ms
2023.07.08 01:56:43 INFO  compiling root (1 scala source)
2023.07.08 01:56:43 INFO  time: compiled root in 33ms
2023.07.08 01:57:36 INFO  compiling root (1 scala source)
2023.07.08 01:57:36 INFO  time: compiled root in 86ms
2023.07.08 01:57:36 INFO  compiling root (1 scala source)
2023.07.08 01:57:36 INFO  time: compiled root in 30ms
2023.07.08 01:57:36 INFO  compiling root (1 scala source)
2023.07.08 01:57:36 INFO  time: compiled root in 30ms
2023.07.08 21:00:42 INFO  compiling root (1 scala source)
2023.07.08 21:00:42 INFO  time: compiled root in 0.19s
2023.07.08 21:00:47 INFO  compiling root (1 scala source)
2023.07.08 21:00:47 INFO  time: compiled root in 60ms
something's wrong: no file:///Users/rakadealengine/Projects/tryjavastream/src/main/scala/poolfacade/Main.scala in poolfacade.ResourcePool[<error>]RangePosition(file:///Users/rakadealengine/Projects/tryjavastream/src/main/scala/poolfacade/Main.scala, 1520, 1520, 1718)
2023.07.08 21:00:51 INFO  compiling root (1 scala source)
2023.07.08 21:00:51 INFO  time: compiled root in 60ms
2023.07.08 21:00:56 INFO  compiling root (1 scala source)
2023.07.08 21:00:56 INFO  time: compiled root in 61ms
2023.07.08 21:01:49 INFO  compiling root (1 scala source)
2023.07.08 21:01:49 INFO  time: compiled root in 53ms
2023.07.08 21:01:49 INFO  compiling root (1 scala source)
2023.07.08 21:01:49 INFO  time: compiled root in 52ms
something's wrong: no file:///Users/rakadealengine/Projects/tryjavastream/src/main/scala/poolfacade/Main.scala in poolfacade.ResourcePool[<error>]RangePosition(file:///Users/rakadealengine/Projects/tryjavastream/src/main/scala/poolfacade/Main.scala, 1103, 1103, 3343)
2023.07.08 21:01:59 INFO  compiling root (1 scala source)
2023.07.08 21:01:59 INFO  time: compiled root in 69ms
2023.07.08 21:02:16 INFO  compiling root (1 scala source)
2023.07.08 21:02:16 INFO  time: compiled root in 55ms
2023.07.08 21:02:46 INFO  compiling root (1 scala source)
2023.07.08 21:02:46 INFO  time: compiled root in 83ms
something's wrong: no file:///Users/rakadealengine/Projects/tryjavastream/src/main/scala/poolfacade/Main.scala in poolfacade.PoolContext[<error>]RangePosition(file:///Users/rakadealengine/Projects/tryjavastream/src/main/scala/poolfacade/Main.scala, 540, 540, 640)
2023.07.08 21:03:09 INFO  compiling root (1 scala source)
2023.07.08 21:03:09 INFO  time: compiled root in 55ms
something's wrong: no file:///Users/rakadealengine/Projects/tryjavastream/src/main/scala/poolfacade/Main.scala in poolfacade.PoolContext[<error>]RangePosition(file:///Users/rakadealengine/Projects/tryjavastream/src/main/scala/poolfacade/Main.scala, 1924, 1924, 2481)
something's wrong: no file:///Users/rakadealengine/Projects/tryjavastream/src/main/scala/poolfacade/Main.scala in poolfacade.PoolContext[<error>]RangePosition(file:///Users/rakadealengine/Projects/tryjavastream/src/main/scala/poolfacade/Main.scala, 1924, 1924, 1945)
something's wrong: no file:///Users/rakadealengine/Projects/tryjavastream/src/main/scala/poolfacade/Main.scala in poolfacade.PoolContext[R]RangePosition(file:///Users/rakadealengine/Projects/tryjavastream/src/main/scala/poolfacade/Main.scala, 1924, 1924, 1938)
2023.07.08 21:03:49 INFO  compiling root (1 scala source)
2023.07.08 21:03:49 INFO  time: compiled root in 58ms
2023.07.08 21:04:35 INFO  compiling root (1 scala source)
2023.07.08 21:04:35 INFO  time: compiled root in 50ms
something's wrong: no file:///Users/rakadealengine/Projects/tryjavastream/src/main/scala/poolfacade/Main.scala in poolfacade.PoolContext[<error>]RangePosition(file:///Users/rakadealengine/Projects/tryjavastream/src/main/scala/poolfacade/Main.scala, 3197, 3197, 3374)
something's wrong: no file:///Users/rakadealengine/Projects/tryjavastream/src/main/scala/poolfacade/Main.scala in poolfacade.PoolContext[<error>]RangePosition(file:///Users/rakadealengine/Projects/tryjavastream/src/main/scala/poolfacade/Main.scala, 3197, 3197, 3218)
something's wrong: no file:///Users/rakadealengine/Projects/tryjavastream/src/main/scala/poolfacade/Main.scala in poolfacade.PoolContext[<error>]RangePosition(file:///Users/rakadealengine/Projects/tryjavastream/src/main/scala/poolfacade/Main.scala, 3197, 3197, 3211)
2023.07.08 21:04:54 INFO  compiling root (1 scala source)
2023.07.08 21:04:54 INFO  time: compiled root in 52ms
something's wrong: no file:///Users/rakadealengine/Projects/tryjavastream/src/main/scala/poolfacade/Main.scala in poolfacade.PoolContext[<error>]RangePosition(file:///Users/rakadealengine/Projects/tryjavastream/src/main/scala/poolfacade/Main.scala, 2671, 2671, 3016)
something's wrong: no file:///Users/rakadealengine/Projects/tryjavastream/src/main/scala/poolfacade/Main.scala in poolfacade.PoolContext[<error>]RangePosition(file:///Users/rakadealengine/Projects/tryjavastream/src/main/scala/poolfacade/Main.scala, 2671, 2671, 2692)
something's wrong: no file:///Users/rakadealengine/Projects/tryjavastream/src/main/scala/poolfacade/Main.scala in poolfacade.PoolContext[<error>]RangePosition(file:///Users/rakadealengine/Projects/tryjavastream/src/main/scala/poolfacade/Main.scala, 2671, 2671, 2685)
2023.07.08 21:05:03 INFO  compiling root (1 scala source)
2023.07.08 21:05:03 INFO  time: compiled root in 0.1s
2023.07.08 21:05:15 INFO  compiling root (1 scala source)
2023.07.08 21:05:15 INFO  time: compiled root in 45ms
2023.07.08 21:05:20 INFO  compiling root (1 scala source)
2023.07.08 21:05:20 INFO  time: compiled root in 53ms
2023.07.08 21:05:25 INFO  compiling root (1 scala source)
2023.07.08 21:05:25 INFO  time: compiled root in 54ms
2023.07.08 21:05:25 INFO  compiling root (1 scala source)
2023.07.08 21:05:25 INFO  time: compiled root in 36ms
something's wrong: no file:///Users/rakadealengine/Projects/tryjavastream/src/main/scala/poolfacade/Main.scala in poolfacade.PoolContext[<error>]RangePosition(file:///Users/rakadealengine/Projects/tryjavastream/src/main/scala/poolfacade/Main.scala, 3160, 3160, 3412)
something's wrong: no file:///Users/rakadealengine/Projects/tryjavastream/src/main/scala/poolfacade/Main.scala in poolfacade.PoolContext[<error>]RangePosition(file:///Users/rakadealengine/Projects/tryjavastream/src/main/scala/poolfacade/Main.scala, 3160, 3160, 3181)
something's wrong: no file:///Users/rakadealengine/Projects/tryjavastream/src/main/scala/poolfacade/Main.scala in poolfacade.PoolContext[R]RangePosition(file:///Users/rakadealengine/Projects/tryjavastream/src/main/scala/poolfacade/Main.scala, 3160, 3160, 3174)
2023.07.08 21:05:34 INFO  compiling root (1 scala source)
2023.07.08 21:05:34 INFO  time: compiled root in 54ms
something's wrong: no file:///Users/rakadealengine/Projects/tryjavastream/src/main/scala/poolfacade/Main.scala in poolfacade.PoolContext[<error>]RangePosition(file:///Users/rakadealengine/Projects/tryjavastream/src/main/scala/poolfacade/Main.scala, 2616, 2616, 3036)
something's wrong: no file:///Users/rakadealengine/Projects/tryjavastream/src/main/scala/poolfacade/Main.scala in poolfacade.PoolContext[<error>]RangePosition(file:///Users/rakadealengine/Projects/tryjavastream/src/main/scala/poolfacade/Main.scala, 2616, 2616, 2637)
something's wrong: no file:///Users/rakadealengine/Projects/tryjavastream/src/main/scala/poolfacade/Main.scala in poolfacade.PoolContext[R]RangePosition(file:///Users/rakadealengine/Projects/tryjavastream/src/main/scala/poolfacade/Main.scala, 2616, 2616, 2630)
2023.07.08 21:05:41 INFO  compiling root (1 scala source)
2023.07.08 21:05:41 INFO  time: compiled root in 49ms
something's wrong: no file:///Users/rakadealengine/Projects/tryjavastream/src/main/scala/poolfacade/Main.scala in poolfacade.PoolContext[<error>]RangePosition(file:///Users/rakadealengine/Projects/tryjavastream/src/main/scala/poolfacade/Main.scala, 1854, 1854, 2496)
something's wrong: no file:///Users/rakadealengine/Projects/tryjavastream/src/main/scala/poolfacade/Main.scala in poolfacade.PoolContext[<error>]RangePosition(file:///Users/rakadealengine/Projects/tryjavastream/src/main/scala/poolfacade/Main.scala, 1854, 1854, 1875)
something's wrong: no file:///Users/rakadealengine/Projects/tryjavastream/src/main/scala/poolfacade/Main.scala in poolfacade.PoolContext[R]RangePosition(file:///Users/rakadealengine/Projects/tryjavastream/src/main/scala/poolfacade/Main.scala, 1854, 1854, 1868)
2023.07.08 21:05:49 INFO  file:///Users/rakadealengine/Projects/tryjavastream/src/main/scala/poolfacade/Main.scala:64:124: stale bloop error: class PoolContext takes type parameters
case class InitialState[R <: Resource](subscription: Subscription) extends StatefulProcessor.State[PoolCommand, Option[R], PoolContext] {
                                                                                                                           ^^^^^^^^^^^
2023.07.08 21:05:49 INFO  file:///Users/rakadealengine/Projects/tryjavastream/src/main/scala/poolfacade/Main.scala:65:123: stale bloop error: class PoolContext takes type parameters
  def handleItem(command: PoolCommand, context: Option[PoolContext[R]]): StatefulProcessor.Result[PoolCommand, Option[R], PoolContext] = {
                                                                                                                          ^^^^^^^^^^^
2023.07.08 21:05:49 INFO  file:///Users/rakadealengine/Projects/tryjavastream/src/main/scala/poolfacade/Main.scala:64:124: stale bloop error: class PoolContext takes type parameters
case class InitialState[R <: Resource](subscription: Subscription) extends StatefulProcessor.State[PoolCommand, Option[R], PoolContext] {
                                                                                                                           ^^^^^^^^^^^
2023.07.08 21:05:49 INFO  file:///Users/rakadealengine/Projects/tryjavastream/src/main/scala/poolfacade/Main.scala:65:123: stale bloop error: class PoolContext takes type parameters
  def handleItem(command: PoolCommand, context: Option[PoolContext[R]]): StatefulProcessor.Result[PoolCommand, Option[R], PoolContext] = {
                                                                                                                          ^^^^^^^^^^^
2023.07.08 21:05:50 INFO  file:///Users/rakadealengine/Projects/tryjavastream/src/main/scala/poolfacade/Main.scala:64:124: stale bloop error: class PoolContext takes type parameters
case class InitialState[R <: Resource](subscription: Subscription) extends StatefulProcessor.State[PoolCommand, Option[R], PoolContext] {
                                                                                                                           ^^^^^^^^^^^
2023.07.08 21:05:50 INFO  file:///Users/rakadealengine/Projects/tryjavastream/src/main/scala/poolfacade/Main.scala:65:123: stale bloop error: class PoolContext takes type parameters
  def handleItem(command: PoolCommand, context: Option[PoolContext[R]]): StatefulProcessor.Result[PoolCommand, Option[R], PoolContext] = {
                                                                                                                          ^^^^^^^^^^^
2023.07.08 21:05:50 INFO  file:///Users/rakadealengine/Projects/tryjavastream/src/main/scala/poolfacade/Main.scala:64:124: stale bloop error: class PoolContext takes type parameters
case class InitialState[R <: Resource](subscription: Subscription) extends StatefulProcessor.State[PoolCommand, Option[R], PoolContext] {
                                                                                                                           ^^^^^^^^^^^
2023.07.08 21:05:50 INFO  file:///Users/rakadealengine/Projects/tryjavastream/src/main/scala/poolfacade/Main.scala:65:123: stale bloop error: class PoolContext takes type parameters
  def handleItem(command: PoolCommand, context: Option[PoolContext[R]]): StatefulProcessor.Result[PoolCommand, Option[R], PoolContext] = {
                                                                                                                          ^^^^^^^^^^^
2023.07.08 21:05:55 INFO  compiling root (1 scala source)
2023.07.08 21:05:55 INFO  time: compiled root in 0.56s
2023.07.08 21:06:33 INFO  compiling root (1 scala source)
2023.07.08 21:06:33 INFO  time: compiled root in 0.41s
2023.07.08 21:06:37 INFO  compiling root (1 scala source)
2023.07.08 21:06:37 INFO  time: compiled root in 68ms
Jul 08, 2023 9:06:37 PM scala.meta.internal.pc.CompilerAccess retryWithCleanCompiler
INFO: compiler crashed due to an error in the Scala compiler, retrying with new compiler instance.
2023.07.08 21:06:42 INFO  compiling root (1 scala source)
2023.07.08 21:06:42 INFO  time: compiled root in 0.4s
2023.07.08 21:07:06 INFO  compiling root (1 scala source)
2023.07.08 21:07:06 INFO  time: compiled root in 0.43s
2023.07.08 21:07:11 INFO  compiling root (1 scala source)
2023.07.08 21:07:11 INFO  time: compiled root in 41ms
2023.07.08 21:07:11 WARN  Could not load snapshot text for /Users/rakadealengine/Projects/tryjavastream/src/main/scala/poolfacade/Main.scala
2023.07.08 21:09:00 INFO  compiling root (1 scala source)
2023.07.08 21:09:00 INFO  time: compiled root in 0.51s
2023.07.08 21:09:02 INFO  compiling root (1 scala source)
2023.07.08 21:09:02 INFO  time: compiled root in 0.43s
2023.07.08 21:09:14 INFO  compiling root (1 scala source)
2023.07.08 21:09:14 INFO  time: compiled root in 0.44s
2023.07.08 21:09:36 INFO  compiling root (1 scala source)
2023.07.08 21:09:36 INFO  time: compiled root in 0.46s
2023.07.08 21:09:50 INFO  compiling root (1 scala source)
2023.07.08 21:09:50 INFO  time: compiled root in 45ms
2023.07.08 21:09:54 INFO  compiling root (1 scala source)
2023.07.08 21:09:54 INFO  time: compiled root in 38ms
2023.07.08 21:10:37 INFO  compiling root (1 scala source)
2023.07.08 21:10:37 INFO  time: compiled root in 44ms
2023.07.08 21:10:39 INFO  compiling root (1 scala source)
2023.07.08 21:10:39 INFO  time: compiled root in 41ms
2023.07.08 21:10:44 INFO  compiling root (1 scala source)
2023.07.08 21:10:44 INFO  time: compiled root in 49ms
2023.07.08 21:10:53 INFO  compiling root (1 scala source)
2023.07.08 21:10:53 INFO  time: compiled root in 0.47s
2023.07.08 21:10:58 INFO  compiling root (1 scala source)
2023.07.08 21:10:58 INFO  time: compiled root in 0.4s
2023.07.08 21:10:59 INFO  compiling root (1 scala source)
2023.07.08 21:10:59 INFO  time: compiled root in 46ms
2023.07.08 21:10:59 WARN  Could not load snapshot text for /Users/rakadealengine/Projects/tryjavastream/src/main/scala/poolfacade/Main.scala
2023.07.08 21:10:59 WARN  Could not load snapshot text for /Users/rakadealengine/Projects/tryjavastream/src/main/scala/poolfacade/Main.scala
2023.07.08 21:11:01 INFO  compiling root (1 scala source)
2023.07.08 21:11:01 WARN  Could not load snapshot text for /Users/rakadealengine/Projects/tryjavastream/src/main/scala/poolfacade/Main.scala
2023.07.08 21:11:01 INFO  time: compiled root in 0.42s
